Using pre-set license
Built from '2021.3/staging' branch; Version is '2021.3.24f1 (cf10dcf7010d) revision 13570268'; Using compiler version '192829333'; Build Type 'Release'
OS: 'Windows 10  (10.0.19045) 64bit Professional' Language: 'ko' Physical Memory: 32694 MB
BatchMode: 1, IsHumanControllingUs: 0, StartBugReporterOnCrash: 0, Is64bit: 1, IsPro: 1

COMMAND LINE ARGUMENTS:
D:\Unity Editor\2021.3.24f1\Editor\Unity.exe
-adb2
-batchMode
-noUpm
-name
AssetImportWorker0
-projectPath
C:/Users/USER/Desktop/GitHub DeskTop/UnityProJect/UnityTutorial
-logFile
Logs/AssetImportWorker0.log
-srvPort
1635
Successfully changed project path to: C:/Users/USER/Desktop/GitHub DeskTop/UnityProJect/UnityTutorial
C:/Users/USER/Desktop/GitHub DeskTop/UnityProJect/UnityTutorial
[UnityMemory] Configuration Parameters - Can be set up in boot.config
    "memorysetup-bucket-allocator-granularity=16"
    "memorysetup-bucket-allocator-bucket-count=8"
    "memorysetup-bucket-allocator-block-size=33554432"
    "memorysetup-bucket-allocator-block-count=8"
    "memorysetup-main-allocator-block-size=16777216"
    "memorysetup-thread-allocator-block-size=16777216"
    "memorysetup-gfx-main-allocator-block-size=16777216"
    "memorysetup-gfx-thread-allocator-block-size=16777216"
    "memorysetup-cache-allocator-block-size=4194304"
    "memorysetup-typetree-allocator-block-size=2097152"
    "memorysetup-profiler-bucket-allocator-granularity=16"
    "memorysetup-profiler-bucket-allocator-bucket-count=8"
    "memorysetup-profiler-bucket-allocator-block-size=33554432"
    "memorysetup-profiler-bucket-allocator-block-count=8"
    "memorysetup-profiler-allocator-block-size=16777216"
    "memorysetup-profiler-editor-allocator-block-size=1048576"
    "memorysetup-temp-allocator-size-main=16777216"
    "memorysetup-job-temp-allocator-block-size=2097152"
    "memorysetup-job-temp-allocator-block-size-background=1048576"
    "memorysetup-job-temp-allocator-reduction-small-platforms=262144"
    "memorysetup-temp-allocator-size-background-worker=32768"
    "memorysetup-temp-allocator-size-job-worker=262144"
    "memorysetup-temp-allocator-size-preload-manager=33554432"
    "memorysetup-temp-allocator-size-nav-mesh-worker=65536"
    "memorysetup-temp-allocator-size-audio-worker=65536"
    "memorysetup-temp-allocator-size-cloud-worker=32768"
    "memorysetup-temp-allocator-size-gi-baking-worker=262144"
    "memorysetup-temp-allocator-size-gfx=262144"
Player connection [20080] Host "[IP] 192.168.0.2 [Port] 0 [Flags] 2 [Guid] 1825937255 [EditorId] 1825937255 [Version] 1048832 [Id] WindowsEditor(7,DESKTOP-DFSPG1G) [Debug] 1 [PackageName] WindowsEditor [ProjectName] Editor" joined multi-casting on [225.0.0.222:54997]...

Player connection [20080] Host "[IP] 192.168.0.2 [Port] 0 [Flags] 2 [Guid] 1825937255 [EditorId] 1825937255 [Version] 1048832 [Id] WindowsEditor(7,DESKTOP-DFSPG1G) [Debug] 1 [PackageName] WindowsEditor [ProjectName] Editor" joined alternative multi-casting on [225.0.0.222:34997]...

Refreshing native plugins compatible for Editor in 56.05 ms, found 3 plugins.
Preloading 0 native plugins for Editor in 0.00 ms.
Initialize engine version: 2021.3.24f1 (cf10dcf7010d)
[Subsystems] Discovering subsystems at path D:/Unity Editor/2021.3.24f1/Editor/Data/Resources/UnitySubsystems
[Subsystems] Discovering subsystems at path C:/Users/USER/Desktop/GitHub DeskTop/UnityProJect/UnityTutorial/Assets
GfxDevice: creating device client; threaded=0; jobified=0
Direct3D:
    Version:  Direct3D 11.0 [level 11.1]
    Renderer: NVIDIA GeForce RTX 3070 (ID=0x2488)
    Vendor:   NVIDIA
    VRAM:     8032 MB
    Driver:   31.0.15.2849
Initialize mono
Mono path[0] = 'D:/Unity Editor/2021.3.24f1/Editor/Data/Managed'
Mono path[1] = 'D:/Unity Editor/2021.3.24f1/Editor/Data/MonoBleedingEdge/lib/mono/unityjit-win32'
Mono config path = 'D:/Unity Editor/2021.3.24f1/Editor/Data/MonoBleedingEdge/etc'
Using monoOptions --debugger-agent=transport=dt_socket,embedding=1,server=y,suspend=n,address=127.0.0.1:56068
Begin MonoManager ReloadAssembly
Registering precompiled unity dll's ...
Register platform support module: D:/Unity Editor/2021.3.24f1/Editor/Data/PlaybackEngines/WebGLSupport/UnityEditor.WebGL.Extensions.dll
Register platform support module: D:/Unity Editor/2021.3.24f1/Editor/Data/PlaybackEngines/AndroidPlayer/UnityEditor.Android.Extensions.dll
Register platform support module: D:/Unity Editor/2021.3.24f1/Editor/Data/PlaybackEngines/iOSSupport/UnityEditor.iOS.Extensions.dll
Register platform support module: D:/Unity Editor/2021.3.24f1/Editor/Data/PlaybackEngines/WindowsStandaloneSupport/UnityEditor.WindowsStandalone.Extensions.dll
Register platform support module: D:/Unity Editor/2021.3.24f1/Editor/Data/PlaybackEngines/MetroSupport/UnityEditor.UWP.Extensions.dll
Registered in 0.003049 seconds.
Native extension for UWP target not found
Native extension for WindowsStandalone target not found
[usbmuxd] Start listen thread
[usbmuxd] Listen thread started
Native extension for iOS target not found
Native extension for Android target not found
Android Extension - Scanning For ADB Devices 186 ms
Native extension for WebGL target not found
Refreshing native plugins compatible for Editor in 58.59 ms, found 3 plugins.
Preloading 0 native plugins for Editor in 0.00 ms.
Mono: successfully reloaded assembly
- Completed reload, in  0.633 seconds
Domain Reload Profiling:
	ReloadAssembly (633ms)
		BeginReloadAssembly (55ms)
			ExecutionOrderSort (0ms)
			DisableScriptedObjects (0ms)
			BackupInstance (0ms)
			ReleaseScriptingObjects (0ms)
			CreateAndSetChildDomain (1ms)
		EndReloadAssembly (512ms)
			LoadAssemblies (55ms)
			RebuildTransferFunctionScriptingTraits (0ms)
			SetupTypeCache (68ms)
			ReleaseScriptCaches (0ms)
			RebuildScriptCaches (19ms)
			SetupLoadedEditorAssemblies (391ms)
				LogAssemblyErrors (0ms)
				InitializePlatformSupportModulesInManaged (235ms)
				SetLoadedEditorAssemblies (0ms)
				RefreshPlugins (59ms)
				BeforeProcessingInitializeOnLoad (1ms)
				ProcessInitializeOnLoadAttributes (65ms)
				ProcessInitializeOnLoadMethodAttributes (31ms)
				AfterProcessingInitializeOnLoad (0ms)
				EditorAssembliesLoaded (0ms)
			ExecutionOrderSort2 (0ms)
			AwakeInstancesAfterBackupRestoration (0ms)
Platform modules already initialized, skipping
Registering precompiled user dll's ...
Registered in 0.003605 seconds.
Begin MonoManager ReloadAssembly
Symbol file LoadedFromMemory doesn't match image C:\Users\USER\Desktop\GitHub DeskTop\UnityProJect\UnityTutorial\Library\PackageCache\com.unity.visualscripting@1.8.0\Editor\VisualScripting.Core\Dependencies\YamlDotNet\Unity.VisualScripting.YamlDotNet.dll
Symbol file LoadedFromMemory doesn't match image C:\Users\USER\Desktop\GitHub DeskTop\UnityProJect\UnityTutorial\Library\PackageCache\com.unity.visualscripting@1.8.0\Editor\VisualScripting.Core\Dependencies\DotNetZip\Unity.VisualScripting.IonicZip.dll
Native extension for UWP target not found
Native extension for WindowsStandalone target not found
Native extension for iOS target not found
Native extension for Android target not found
Native extension for WebGL target not found
Refreshing native plugins compatible for Editor in 0.42 ms, found 3 plugins.
Preloading 0 native plugins for Editor in 0.00 ms.
Mono: successfully reloaded assembly
- Completed reload, in  0.684 seconds
Domain Reload Profiling:
	ReloadAssembly (684ms)
		BeginReloadAssembly (81ms)
			ExecutionOrderSort (0ms)
			DisableScriptedObjects (5ms)
			BackupInstance (0ms)
			ReleaseScriptingObjects (0ms)
			CreateAndSetChildDomain (15ms)
		EndReloadAssembly (528ms)
			LoadAssemblies (56ms)
			RebuildTransferFunctionScriptingTraits (0ms)
			SetupTypeCache (174ms)
			ReleaseScriptCaches (0ms)
			RebuildScriptCaches (36ms)
			SetupLoadedEditorAssemblies (239ms)
				LogAssemblyErrors (0ms)
				InitializePlatformSupportModulesInManaged (19ms)
				SetLoadedEditorAssemblies (0ms)
				RefreshPlugins (0ms)
				BeforeProcessingInitializeOnLoad (51ms)
				ProcessInitializeOnLoadAttributes (154ms)
				ProcessInitializeOnLoadMethodAttributes (13ms)
				AfterProcessingInitializeOnLoad (2ms)
				EditorAssembliesLoaded (0ms)
			ExecutionOrderSort2 (0ms)
			AwakeInstancesAfterBackupRestoration (4ms)
Platform modules already initialized, skipping
========================================================================
Worker process is ready to serve import requests
Launched and connected shader compiler UnityShaderCompiler.exe after 0.03 seconds
Refreshing native plugins compatible for Editor in 0.53 ms, found 3 plugins.
Preloading 0 native plugins for Editor in 0.00 ms.
Unloading 3054 Unused Serialized files (Serialized files now loaded: 0)
Unloading 24 unused Assets / (113.4 KB). Loaded Objects now: 3518.
Memory consumption went from 112.6 MB to 112.5 MB.
Total: 2.334900 ms (FindLiveObjects: 0.201900 ms CreateObjectMapping: 0.124900 ms MarkObjects: 1.911400 ms  DeleteObjects: 0.096100 ms)

AssetImportParameters requested are different than current active one (requested -> active):
  custom:video-decoder-ogg-theora: a1e56fd34408186e4bbccfd4996cb3dc -> 
  custom:container-muxer-webm: aa71ff27fc2769a1b78a27578f13a17b -> 
  custom:container-demuxer-webm: 4f35f7cbe854078d1ac9338744f61a02 -> 
  custom:video-encoder-webm-vp8: eb34c28f22e8b96e1ab97ce403110664 -> 
  custom:audio-encoder-webm-vorbis: bf7c407c2cedff20999df2af8eb42d56 -> 
  custom:framework-win-MediaFoundation: 216162199b28c13a410421893ffa2e32 -> 
  custom:container-demuxer-ogg: 62fdf1f143b41e24485cea50d1cbac27 -> 
  custom:video-decoder-webm-vp8: 9c59270c3fd7afecdb556c50c9e8de78 -> 
  custom:audio-decoder-ogg-vorbis: bf7c407c2cedff20999df2af8eb42d56 -> 
========================================================================
Received Import Request.
  Time since last request: 1805.428038 seconds.
  path: Assets/Unity Animation Clip/Scene
  artifactKey: Guid(d82b446da72a4724db3c9c2fc8323b6a) Importer(815301076,1909f56bfc062723c751e8b465ee728b)
Start importing Assets/Unity Animation Clip/Scene using Guid(d82b446da72a4724db3c9c2fc8323b6a) Importer(815301076,1909f56bfc062723c751e8b465ee728b)  -> (artifact id: '931638726daf51df266a4eac88079118') in 0.011128 seconds 
========================================================================
Received Import Request.
  Time since last request: 37.749768 seconds.
  path: Assets/Unity Animation Clip/Scene/Animation Clip.unity
  artifactKey: Guid(04b9cbdf7a3167a41956b76784db4370) Importer(815301076,1909f56bfc062723c751e8b465ee728b)
Start importing Assets/Unity Animation Clip/Scene/Animation Clip.unity using Guid(04b9cbdf7a3167a41956b76784db4370) Importer(815301076,1909f56bfc062723c751e8b465ee728b)  -> (artifact id: 'fcf55327a982ae5193c39c602bddec49') in 0.008282 seconds 
========================================================================
Received Import Request.
  Time since last request: 139.159780 seconds.
  path: Assets/Unity Interface/Simasart/Hungry Bat/Art/Fruits/apple.png
  artifactKey: Guid(b7481a4c424715542a70ac1efc7468db) Importer(815301076,1909f56bfc062723c751e8b465ee728b)
Start importing Assets/Unity Interface/Simasart/Hungry Bat/Art/Fruits/apple.png using Guid(b7481a4c424715542a70ac1efc7468db) Importer(815301076,1909f56bfc062723c751e8b465ee728b)  -> (artifact id: 'd450a4c111966b8fcc577ded75a46a5a') in 0.126253 seconds 
========================================================================
Received Import Request.
  Time since last request: 0.000016 seconds.
  path: Assets/Unity Interface/Simasart/Hungry Bat/Art/UI/Bar/bar_star.png
  artifactKey: Guid(61b7c1903c6a99a438546db2cb7db60a) Importer(815301076,1909f56bfc062723c751e8b465ee728b)
Start importing Assets/Unity Interface/Simasart/Hungry Bat/Art/UI/Bar/bar_star.png using Guid(61b7c1903c6a99a438546db2cb7db60a) Importer(815301076,1909f56bfc062723c751e8b465ee728b)  -> (artifact id: '9daceced29b8607b4cd8b0f06dcc6349') in 0.018247 seconds 
========================================================================
Received Import Request.
  Time since last request: 0.000020 seconds.
  path: Assets/Unity Interface/Simasart/Hungry Bat/Art/UI/bar_mask.png
  artifactKey: Guid(5db29c36ee7e6ff449713292d4e7c5a5) Importer(815301076,1909f56bfc062723c751e8b465ee728b)
Start importing Assets/Unity Interface/Simasart/Hungry Bat/Art/UI/bar_mask.png using Guid(5db29c36ee7e6ff449713292d4e7c5a5) Importer(815301076,1909f56bfc062723c751e8b465ee728b)  -> (artifact id: 'd1d56a85e48919182a2500a8adedc45e') in 0.015196 seconds 
========================================================================
Received Import Request.
  Time since last request: 0.000015 seconds.
  path: Assets/Unity Interface/Simasart/Hungry Bat/Art/Fruits/banana.png
  artifactKey: Guid(a292bddf8693e00428dace4a7f770aa6) Importer(815301076,1909f56bfc062723c751e8b465ee728b)
Start importing Assets/Unity Interface/Simasart/Hungry Bat/Art/Fruits/banana.png using Guid(a292bddf8693e00428dace4a7f770aa6) Importer(815301076,1909f56bfc062723c751e8b465ee728b)  -> (artifact id: '30a434d26697134de70ed617260553c2') in 0.019316 seconds 
========================================================================
Received Import Request.
  Time since last request: 0.000012 seconds.
  path: Assets/Unity Interface/Simasart/Hungry Bat/Art/UI/Bar/bar_fill.png
  artifactKey: Guid(7ea1f418bd367c4439b1576afa6f4f56) Importer(815301076,1909f56bfc062723c751e8b465ee728b)
Start importing Assets/Unity Interface/Simasart/Hungry Bat/Art/UI/Bar/bar_fill.png using Guid(7ea1f418bd367c4439b1576afa6f4f56) Importer(815301076,1909f56bfc062723c751e8b465ee728b)  -> (artifact id: 'c72cfedcf766bdf29317d4a0755c94a2') in 0.014986 seconds 
========================================================================
Received Import Request.
  Time since last request: 0.000017 seconds.
  path: Assets/Unity Interface/Simasart/Hungry Bat/Art/UI/Bar/bar_border.png
  artifactKey: Guid(c9fadc51fbe37964baf4960ffb627050) Importer(815301076,1909f56bfc062723c751e8b465ee728b)
Start importing Assets/Unity Interface/Simasart/Hungry Bat/Art/UI/Bar/bar_border.png using Guid(c9fadc51fbe37964baf4960ffb627050) Importer(815301076,1909f56bfc062723c751e8b465ee728b)  -> (artifact id: '36f7591bfd6d1e6ee403b9e07244f6f0') in 0.016772 seconds 
Editor requested this worker to shutdown with reason: Scaling down because of idle timeout
AssetImportWorker is now disconnected from the server
Process exiting
Exiting without the bug reporter. Application will terminate with return code 0