Using pre-set license
Built from '2021.3/staging' branch; Version is '2021.3.24f1 (cf10dcf7010d) revision 13570268'; Using compiler version '192829333'; Build Type 'Release'
OS: 'Windows 10  (10.0.19045) 64bit Professional' Language: 'ko' Physical Memory: 32694 MB
BatchMode: 1, IsHumanControllingUs: 0, StartBugReporterOnCrash: 0, Is64bit: 1, IsPro: 1

COMMAND LINE ARGUMENTS:
D:\Unity Editor\2021.3.24f1\Editor\Unity.exe
-adb2
-batchMode
-noUpm
-name
AssetImportWorker2
-projectPath
C:/Users/USER/Desktop/GitHub DeskTop/UnityProJect/UnityTutorial
-logFile
Logs/AssetImportWorker2.log
-srvPort
1828
Successfully changed project path to: C:/Users/USER/Desktop/GitHub DeskTop/UnityProJect/UnityTutorial
C:/Users/USER/Desktop/GitHub DeskTop/UnityProJect/UnityTutorial
[UnityMemory] Configuration Parameters - Can be set up in boot.config
    "memorysetup-bucket-allocator-granularity=16"
    "memorysetup-bucket-allocator-bucket-count=8"
    "memorysetup-bucket-allocator-block-size=33554432"
    "memorysetup-bucket-allocator-block-count=8"
    "memorysetup-main-allocator-block-size=16777216"
    "memorysetup-thread-allocator-block-size=16777216"
    "memorysetup-gfx-main-allocator-block-size=16777216"
    "memorysetup-gfx-thread-allocator-block-size=16777216"
    "memorysetup-cache-allocator-block-size=4194304"
    "memorysetup-typetree-allocator-block-size=2097152"
    "memorysetup-profiler-bucket-allocator-granularity=16"
    "memorysetup-profiler-bucket-allocator-bucket-count=8"
    "memorysetup-profiler-bucket-allocator-block-size=33554432"
    "memorysetup-profiler-bucket-allocator-block-count=8"
    "memorysetup-profiler-allocator-block-size=16777216"
    "memorysetup-profiler-editor-allocator-block-size=1048576"
    "memorysetup-temp-allocator-size-main=16777216"
    "memorysetup-job-temp-allocator-block-size=2097152"
    "memorysetup-job-temp-allocator-block-size-background=1048576"
    "memorysetup-job-temp-allocator-reduction-small-platforms=262144"
    "memorysetup-temp-allocator-size-background-worker=32768"
    "memorysetup-temp-allocator-size-job-worker=262144"
    "memorysetup-temp-allocator-size-preload-manager=33554432"
    "memorysetup-temp-allocator-size-nav-mesh-worker=65536"
    "memorysetup-temp-allocator-size-audio-worker=65536"
    "memorysetup-temp-allocator-size-cloud-worker=32768"
    "memorysetup-temp-allocator-size-gi-baking-worker=262144"
    "memorysetup-temp-allocator-size-gfx=262144"
Player connection [3768] Host "[IP] 192.168.0.2 [Port] 0 [Flags] 2 [Guid] 3654074232 [EditorId] 3654074232 [Version] 1048832 [Id] WindowsEditor(7,DESKTOP-DFSPG1G) [Debug] 1 [PackageName] WindowsEditor [ProjectName] Editor" joined multi-casting on [225.0.0.222:54997]...

Player connection [3768] Host "[IP] 192.168.0.2 [Port] 0 [Flags] 2 [Guid] 3654074232 [EditorId] 3654074232 [Version] 1048832 [Id] WindowsEditor(7,DESKTOP-DFSPG1G) [Debug] 1 [PackageName] WindowsEditor [ProjectName] Editor" joined alternative multi-casting on [225.0.0.222:34997]...

Refreshing native plugins compatible for Editor in 70.66 ms, found 3 plugins.
Preloading 0 native plugins for Editor in 0.00 ms.
Initialize engine version: 2021.3.24f1 (cf10dcf7010d)
[Subsystems] Discovering subsystems at path D:/Unity Editor/2021.3.24f1/Editor/Data/Resources/UnitySubsystems
[Subsystems] Discovering subsystems at path C:/Users/USER/Desktop/GitHub DeskTop/UnityProJect/UnityTutorial/Assets
GfxDevice: creating device client; threaded=0; jobified=0
Direct3D:
    Version:  Direct3D 11.0 [level 11.1]
    Renderer: NVIDIA GeForce RTX 3070 (ID=0x2488)
    Vendor:   NVIDIA
    VRAM:     8032 MB
    Driver:   31.0.15.2849
Initialize mono
Mono path[0] = 'D:/Unity Editor/2021.3.24f1/Editor/Data/Managed'
Mono path[1] = 'D:/Unity Editor/2021.3.24f1/Editor/Data/MonoBleedingEdge/lib/mono/unityjit-win32'
Mono config path = 'D:/Unity Editor/2021.3.24f1/Editor/Data/MonoBleedingEdge/etc'
Using monoOptions --debugger-agent=transport=dt_socket,embedding=1,server=y,suspend=n,address=127.0.0.1:56372
Begin MonoManager ReloadAssembly
Registering precompiled unity dll's ...
Register platform support module: D:/Unity Editor/2021.3.24f1/Editor/Data/PlaybackEngines/WebGLSupport/UnityEditor.WebGL.Extensions.dll
Register platform support module: D:/Unity Editor/2021.3.24f1/Editor/Data/PlaybackEngines/AndroidPlayer/UnityEditor.Android.Extensions.dll
Register platform support module: D:/Unity Editor/2021.3.24f1/Editor/Data/PlaybackEngines/iOSSupport/UnityEditor.iOS.Extensions.dll
Register platform support module: D:/Unity Editor/2021.3.24f1/Editor/Data/PlaybackEngines/WindowsStandaloneSupport/UnityEditor.WindowsStandalone.Extensions.dll
Register platform support module: D:/Unity Editor/2021.3.24f1/Editor/Data/PlaybackEngines/MetroSupport/UnityEditor.UWP.Extensions.dll
Registered in 0.003149 seconds.
Native extension for UWP target not found
Native extension for WindowsStandalone target not found
[usbmuxd] Start listen thread
[usbmuxd] Listen thread started
Native extension for iOS target not found
Native extension for Android target not found
Android Extension - Scanning For ADB Devices 216 ms
Native extension for WebGL target not found
Refreshing native plugins compatible for Editor in 62.29 ms, found 3 plugins.
Preloading 0 native plugins for Editor in 0.00 ms.
Mono: successfully reloaded assembly
- Completed reload, in  0.686 seconds
Domain Reload Profiling:
	ReloadAssembly (686ms)
		BeginReloadAssembly (64ms)
			ExecutionOrderSort (0ms)
			DisableScriptedObjects (0ms)
			BackupInstance (0ms)
			ReleaseScriptingObjects (0ms)
			CreateAndSetChildDomain (0ms)
		EndReloadAssembly (555ms)
			LoadAssemblies (64ms)
			RebuildTransferFunctionScriptingTraits (0ms)
			SetupTypeCache (77ms)
			ReleaseScriptCaches (0ms)
			RebuildScriptCaches (18ms)
			SetupLoadedEditorAssemblies (425ms)
				LogAssemblyErrors (0ms)
				InitializePlatformSupportModulesInManaged (268ms)
				SetLoadedEditorAssemblies (0ms)
				RefreshPlugins (62ms)
				BeforeProcessingInitializeOnLoad (1ms)
				ProcessInitializeOnLoadAttributes (65ms)
				ProcessInitializeOnLoadMethodAttributes (30ms)
				AfterProcessingInitializeOnLoad (0ms)
				EditorAssembliesLoaded (0ms)
			ExecutionOrderSort2 (0ms)
			AwakeInstancesAfterBackupRestoration (0ms)
Platform modules already initialized, skipping
Registering precompiled user dll's ...
Registered in 0.003635 seconds.
Begin MonoManager ReloadAssembly
Symbol file LoadedFromMemory doesn't match image C:\Users\USER\Desktop\GitHub DeskTop\UnityProJect\UnityTutorial\Library\PackageCache\com.unity.visualscripting@1.8.0\Editor\VisualScripting.Core\Dependencies\YamlDotNet\Unity.VisualScripting.YamlDotNet.dll
Symbol file LoadedFromMemory doesn't match image C:\Users\USER\Desktop\GitHub DeskTop\UnityProJect\UnityTutorial\Library\PackageCache\com.unity.visualscripting@1.8.0\Editor\VisualScripting.Core\Dependencies\DotNetZip\Unity.VisualScripting.IonicZip.dll
Native extension for UWP target not found
Native extension for WindowsStandalone target not found
Native extension for iOS target not found
Native extension for Android target not found
Native extension for WebGL target not found
Refreshing native plugins compatible for Editor in 0.44 ms, found 3 plugins.
Preloading 0 native plugins for Editor in 0.00 ms.
Mono: successfully reloaded assembly
- Completed reload, in  0.688 seconds
Domain Reload Profiling:
	ReloadAssembly (688ms)
		BeginReloadAssembly (84ms)
			ExecutionOrderSort (0ms)
			DisableScriptedObjects (4ms)
			BackupInstance (0ms)
			ReleaseScriptingObjects (0ms)
			CreateAndSetChildDomain (16ms)
		EndReloadAssembly (530ms)
			LoadAssemblies (60ms)
			RebuildTransferFunctionScriptingTraits (0ms)
			SetupTypeCache (177ms)
			ReleaseScriptCaches (0ms)
			RebuildScriptCaches (32ms)
			SetupLoadedEditorAssemblies (240ms)
				LogAssemblyErrors (0ms)
				InitializePlatformSupportModulesInManaged (20ms)
				SetLoadedEditorAssemblies (0ms)
				RefreshPlugins (0ms)
				BeforeProcessingInitializeOnLoad (55ms)
				ProcessInitializeOnLoadAttributes (150ms)
				ProcessInitializeOnLoadMethodAttributes (13ms)
				AfterProcessingInitializeOnLoad (2ms)
				EditorAssembliesLoaded (0ms)
			ExecutionOrderSort2 (0ms)
			AwakeInstancesAfterBackupRestoration (4ms)
Platform modules already initialized, skipping
========================================================================
Worker process is ready to serve import requests
Launched and connected shader compiler UnityShaderCompiler.exe after 0.03 seconds
Refreshing native plugins compatible for Editor in 0.52 ms, found 3 plugins.
Preloading 0 native plugins for Editor in 0.00 ms.
Unloading 3058 Unused Serialized files (Serialized files now loaded: 0)
Unloading 24 unused Assets / (113.3 KB). Loaded Objects now: 3524.
Memory consumption went from 112.9 MB to 112.8 MB.
Total: 2.597000 ms (FindLiveObjects: 0.219800 ms CreateObjectMapping: 0.152300 ms MarkObjects: 2.130400 ms  DeleteObjects: 0.093600 ms)

AssetImportParameters requested are different than current active one (requested -> active):
  custom:video-decoder-ogg-theora: a1e56fd34408186e4bbccfd4996cb3dc -> 
  custom:container-muxer-webm: aa71ff27fc2769a1b78a27578f13a17b -> 
  custom:container-demuxer-webm: 4f35f7cbe854078d1ac9338744f61a02 -> 
  custom:video-encoder-webm-vp8: eb34c28f22e8b96e1ab97ce403110664 -> 
  custom:audio-encoder-webm-vorbis: bf7c407c2cedff20999df2af8eb42d56 -> 
  custom:framework-win-MediaFoundation: 216162199b28c13a410421893ffa2e32 -> 
  custom:container-demuxer-ogg: 62fdf1f143b41e24485cea50d1cbac27 -> 
  custom:video-decoder-webm-vp8: 9c59270c3fd7afecdb556c50c9e8de78 -> 
  custom:audio-decoder-ogg-vorbis: bf7c407c2cedff20999df2af8eb42d56 -> 
========================================================================
Received Import Request.
  Time since last request: 2627.043118 seconds.
  path: Assets/Unity NavMesh Obstcle/Cursors/Cursors 256/Arrow.png
  artifactKey: Guid(0b86e86e49c39584ca92724a2cc3a501) Importer(815301076,1909f56bfc062723c751e8b465ee728b)
Start importing Assets/Unity NavMesh Obstcle/Cursors/Cursors 256/Arrow.png using Guid(0b86e86e49c39584ca92724a2cc3a501) Importer(815301076,1909f56bfc062723c751e8b465ee728b)  -> (artifact id: 'e4b1621237237dab2dee5aed59386b89') in 0.090292 seconds 
========================================================================
Received Import Request.
  Time since last request: 0.000021 seconds.
  path: Assets/Unity NavMesh Obstcle/Cursors/Cursors 256/Arrow_G.png
  artifactKey: Guid(8b5dadc51cd688e41af88276b1df7cf8) Importer(815301076,1909f56bfc062723c751e8b465ee728b)
Start importing Assets/Unity NavMesh Obstcle/Cursors/Cursors 256/Arrow_G.png using Guid(8b5dadc51cd688e41af88276b1df7cf8) Importer(815301076,1909f56bfc062723c751e8b465ee728b)  -> (artifact id: 'ff669e925c1d0f0fdb0ae646097508ba') in 0.014438 seconds 
========================================================================
Received Import Request.
  Time since last request: 6.777920 seconds.
  path: Assets/Unity Interface/Sport Car - 3D model/Flares/Textures/BrakeFlare.png
  artifactKey: Guid(279ed92b79d278e47b75f6106ba9478d) Importer(815301076,1909f56bfc062723c751e8b465ee728b)
Start importing Assets/Unity Interface/Sport Car - 3D model/Flares/Textures/BrakeFlare.png using Guid(279ed92b79d278e47b75f6106ba9478d) Importer(815301076,1909f56bfc062723c751e8b465ee728b)  -> (artifact id: 'a75139ea283f817467b4426395471191') in 0.016687 seconds 
========================================================================
Received Import Request.
  Time since last request: 0.016060 seconds.
  path: Packages/com.unity.textmeshpro/Editor Resources/Textures/btn_AlignBottom.psd
  artifactKey: Guid(ca51b19024094d1b87f3e07edb0a75fb) Importer(815301076,1909f56bfc062723c751e8b465ee728b)
Start importing Packages/com.unity.textmeshpro/Editor Resources/Textures/btn_AlignBottom.psd using Guid(ca51b19024094d1b87f3e07edb0a75fb) Importer(815301076,1909f56bfc062723c751e8b465ee728b)  -> (artifact id: '7bda1bd4c0665ab2153b896efc6bd852') in 0.021851 seconds 
========================================================================
Received Import Request.
  Time since last request: 0.008567 seconds.
  path: Packages/com.unity.textmeshpro/Editor Resources/Textures/btn_AlignCenter.psd
  artifactKey: Guid(81ed8c76d2bc4a4c95d092c98af4e58f) Importer(815301076,1909f56bfc062723c751e8b465ee728b)
Start importing Packages/com.unity.textmeshpro/Editor Resources/Textures/btn_AlignCenter.psd using Guid(81ed8c76d2bc4a4c95d092c98af4e58f) Importer(815301076,1909f56bfc062723c751e8b465ee728b)  -> (artifact id: '581f2a6065f9cc860054789267eae295') in 0.023012 seconds 
========================================================================
Received Import Request.
  Time since last request: 0.000013 seconds.
  path: Packages/com.unity.textmeshpro/Editor Resources/Textures/btn_AlignLeft_Light.psd
  artifactKey: Guid(12736c98af174f91827a26b66d2b01b9) Importer(815301076,1909f56bfc062723c751e8b465ee728b)
Start importing Packages/com.unity.textmeshpro/Editor Resources/Textures/btn_AlignLeft_Light.psd using Guid(12736c98af174f91827a26b66d2b01b9) Importer(815301076,1909f56bfc062723c751e8b465ee728b)  -> (artifact id: '0f7f3c9d023f9f27b1513f1c301b0ecb') in 0.029466 seconds 
========================================================================
Received Import Request.
  Time since last request: 0.000012 seconds.
  path: Packages/com.unity.testtools.codecoverage/Editor/Icons/CodeCoverage@2x.png
  artifactKey: Guid(37164f8d49df70f448b593fa86e488f5) Importer(815301076,1909f56bfc062723c751e8b465ee728b)
Start importing Packages/com.unity.testtools.codecoverage/Editor/Icons/CodeCoverage@2x.png using Guid(37164f8d49df70f448b593fa86e488f5) Importer(815301076,1909f56bfc062723c751e8b465ee728b)  -> (artifact id: 'ef1d34e32008752a24de3b6d4e8fc593') in 0.027060 seconds 
========================================================================
Received Import Request.
  Time since last request: 0.000013 seconds.
  path: Assets/Unity NavMesh Obstcle/Cursors/Cursors 64/Cursor_Attack.png
  artifactKey: Guid(ce683041f000c7c48b73e8fbda566384) Importer(815301076,1909f56bfc062723c751e8b465ee728b)
Start importing Assets/Unity NavMesh Obstcle/Cursors/Cursors 64/Cursor_Attack.png using Guid(ce683041f000c7c48b73e8fbda566384) Importer(815301076,1909f56bfc062723c751e8b465ee728b)  -> (artifact id: 'a9a2702b1c8541bca933e323058a76c5') in 0.012655 seconds 
========================================================================
Received Import Request.
  Time since last request: 0.000013 seconds.
  path: Assets/Unity NavMesh Obstcle/Cursors/Cursors 64/Cursor_Basic2_R.png
  artifactKey: Guid(ce5dc72a2c53d5e49917ae08ad7172d5) Importer(815301076,1909f56bfc062723c751e8b465ee728b)
Start importing Assets/Unity NavMesh Obstcle/Cursors/Cursors 64/Cursor_Basic2_R.png using Guid(ce5dc72a2c53d5e49917ae08ad7172d5) Importer(815301076,1909f56bfc062723c751e8b465ee728b)  -> (artifact id: 'f527950bbc2696583c09cb137955efb1') in 0.010363 seconds 
========================================================================
Received Import Request.
  Time since last request: 0.000019 seconds.
  path: Assets/Unity NavMesh Obstcle/Cursors/Cursors 64/Cursor_Hand.png
  artifactKey: Guid(42ec8a0e710138343a271d732299cfb6) Importer(815301076,1909f56bfc062723c751e8b465ee728b)
Start importing Assets/Unity NavMesh Obstcle/Cursors/Cursors 64/Cursor_Hand.png using Guid(42ec8a0e710138343a271d732299cfb6) Importer(815301076,1909f56bfc062723c751e8b465ee728b)  -> (artifact id: '0ac5c5e0cf4500afcf0efb0a1b55b7a1') in 0.010340 seconds 
========================================================================
Received Import Request.
  Time since last request: 0.000018 seconds.
  path: Packages/com.unity.collab-proxy/Editor/PlasticSCM/Assets/Images/d_buttonssosigninemail@2x.png
  artifactKey: Guid(144aa74618b85974a9a50f612c2fa8fd) Importer(815301076,1909f56bfc062723c751e8b465ee728b)
Start importing Packages/com.unity.collab-proxy/Editor/PlasticSCM/Assets/Images/d_buttonssosigninemail@2x.png using Guid(144aa74618b85974a9a50f612c2fa8fd) Importer(815301076,1909f56bfc062723c751e8b465ee728b)  -> (artifact id: '5adbd3b406b641b0a53d00150fe7d30b') in 0.012585 seconds 
========================================================================
Received Import Request.
  Time since last request: 0.000015 seconds.
  path: Assets/Unity NavMesh Obstcle/Cursors/Cursors 256/Cursor_ship.png
  artifactKey: Guid(068ae85ce4386b7459fccefb0466c0ba) Importer(815301076,1909f56bfc062723c751e8b465ee728b)
Start importing Assets/Unity NavMesh Obstcle/Cursors/Cursors 256/Cursor_ship.png using Guid(068ae85ce4386b7459fccefb0466c0ba) Importer(815301076,1909f56bfc062723c751e8b465ee728b)  -> (artifact id: 'e8277d44af40f88c9c71eef1a5779379') in 0.014147 seconds 
========================================================================
Received Import Request.
  Time since last request: 0.000012 seconds.
  path: Assets/Unity NavMesh Obstcle/Cursors/Cursors 64/Cursor_shoot.png
  artifactKey: Guid(cf2530d88842998479571ba2e3a43c9d) Importer(815301076,1909f56bfc062723c751e8b465ee728b)
Start importing Assets/Unity NavMesh Obstcle/Cursors/Cursors 64/Cursor_shoot.png using Guid(cf2530d88842998479571ba2e3a43c9d) Importer(815301076,1909f56bfc062723c751e8b465ee728b)  -> (artifact id: 'ad129ae85c2525605ec15c8728c33b16') in 0.009902 seconds 
========================================================================
Received Import Request.
  Time since last request: 0.000017 seconds.
  path: Packages/com.unity.collab-proxy/Editor/PlasticSCM/Assets/Images/d_iconcheckedoutlocaloverlay.png
  artifactKey: Guid(bb1928aff4fd4cf44af1f629dc14ef9b) Importer(815301076,1909f56bfc062723c751e8b465ee728b)
Start importing Packages/com.unity.collab-proxy/Editor/PlasticSCM/Assets/Images/d_iconcheckedoutlocaloverlay.png using Guid(bb1928aff4fd4cf44af1f629dc14ef9b) Importer(815301076,1909f56bfc062723c751e8b465ee728b)  -> (artifact id: '22faa48cc737b8456ec9aa30c350ab31') in 0.013208 seconds 
========================================================================
Received Import Request.
  Time since last request: 0.000011 seconds.
  path: Packages/com.unity.collab-proxy/Editor/PlasticSCM/Assets/Images/d_iconbranch@2x.png
  artifactKey: Guid(874d8401331ede14087e8d8d486ddda6) Importer(815301076,1909f56bfc062723c751e8b465ee728b)
Start importing Packages/com.unity.collab-proxy/Editor/PlasticSCM/Assets/Images/d_iconbranch@2x.png using Guid(874d8401331ede14087e8d8d486ddda6) Importer(815301076,1909f56bfc062723c751e8b465ee728b)  -> (artifact id: '5c7270404c01f9ddb04b7b5ccd6343b9') in 0.011119 seconds 
========================================================================
Received Import Request.
  Time since last request: 0.000016 seconds.
  path: Packages/com.unity.textmeshpro/Editor Resources/Textures/btn_AlignMiddle_Light.psd
  artifactKey: Guid(066619c9c9c84f89acb1b48c11a7efe2) Importer(815301076,1909f56bfc062723c751e8b465ee728b)
Start importing Packages/com.unity.textmeshpro/Editor Resources/Textures/btn_AlignMiddle_Light.psd using Guid(066619c9c9c84f89acb1b48c11a7efe2) Importer(815301076,1909f56bfc062723c751e8b465ee728b)  -> (artifact id: '872840c0d49ebfe85b014e55459f83a3') in 0.012080 seconds 
========================================================================
Received Import Request.
  Time since last request: 0.000012 seconds.
  path: Packages/com.unity.collab-proxy/Editor/PlasticSCM/Assets/Images/d_iconconflicted@2x.png
  artifactKey: Guid(65f0e363b74cf5845ab8c3fbc14f39ac) Importer(815301076,1909f56bfc062723c751e8b465ee728b)
Start importing Packages/com.unity.collab-proxy/Editor/PlasticSCM/Assets/Images/d_iconconflicted@2x.png using Guid(65f0e363b74cf5845ab8c3fbc14f39ac) Importer(815301076,1909f56bfc062723c751e8b465ee728b)  -> (artifact id: '948516914e4db65c3f21a15c1e144149') in 0.012161 seconds 
========================================================================
Received Import Request.
  Time since last request: 0.000013 seconds.
  path: Assets/Unity NavMesh Obstcle/Cursors/Cursors 256/Cursor_Settings.png
  artifactKey: Guid(f6b5dd15dd6519e4aa3ad03b1da0876d) Importer(815301076,1909f56bfc062723c751e8b465ee728b)
Start importing Assets/Unity NavMesh Obstcle/Cursors/Cursors 256/Cursor_Settings.png using Guid(f6b5dd15dd6519e4aa3ad03b1da0876d) Importer(815301076,1909f56bfc062723c751e8b465ee728b)  -> (artifact id: '670e70d88a9d0c1ef7859c7d89e3e739') in 0.012302 seconds 
========================================================================
Received Import Request.
  Time since last request: 0.000014 seconds.
  path: Packages/com.unity.collab-proxy/Editor/PlasticSCM/Assets/Images/d_iconconflictresolvedoverlay.png
  artifactKey: Guid(056ee72c467a4e24d87541d42839ca72) Importer(815301076,1909f56bfc062723c751e8b465ee728b)
Start importing Packages/com.unity.collab-proxy/Editor/PlasticSCM/Assets/Images/d_iconconflictresolvedoverlay.png using Guid(056ee72c467a4e24d87541d42839ca72) Importer(815301076,1909f56bfc062723c751e8b465ee728b)  -> (artifact id: '62b4ed921873037ce32e677a9b26ad3d') in 0.011608 seconds 
========================================================================
Received Import Request.
  Time since last request: 0.000013 seconds.
  path: Assets/Unity NavMesh Obstcle/Cursors/Cursors 256/Cursor_Hand.png
  artifactKey: Guid(0f45821c9378469498c0044ff9068ea2) Importer(815301076,1909f56bfc062723c751e8b465ee728b)
Start importing Assets/Unity NavMesh Obstcle/Cursors/Cursors 256/Cursor_Hand.png using Guid(0f45821c9378469498c0044ff9068ea2) Importer(815301076,1909f56bfc062723c751e8b465ee728b)  -> (artifact id: '3d55c18880e8178fe1a8ce268dc424d2') in 0.013394 seconds 
========================================================================
Received Import Request.
  Time since last request: 0.000013 seconds.
  path: Packages/com.unity.textmeshpro/Editor Resources/Textures/btn_AlignCenterGeo_Light.psd
  artifactKey: Guid(35ff0937876540d3bd4b6a941df62a92) Importer(815301076,1909f56bfc062723c751e8b465ee728b)
Start importing Packages/com.unity.textmeshpro/Editor Resources/Textures/btn_AlignCenterGeo_Light.psd using Guid(35ff0937876540d3bd4b6a941df62a92) Importer(815301076,1909f56bfc062723c751e8b465ee728b)  -> (artifact id: 'e1c06fc9a7bc8ffdb5911308475eaea9') in 0.013801 seconds 
========================================================================
Received Import Request.
  Time since last request: 0.000015 seconds.
  path: Packages/com.unity.textmeshpro/Editor Resources/Textures/btn_AlignTop.psd
  artifactKey: Guid(48d034c499ee4697af9dd6e327110249) Importer(815301076,1909f56bfc062723c751e8b465ee728b)
Start importing Packages/com.unity.textmeshpro/Editor Resources/Textures/btn_AlignTop.psd using Guid(48d034c499ee4697af9dd6e327110249) Importer(815301076,1909f56bfc062723c751e8b465ee728b)  -> (artifact id: '6ba1048ec5d3dcf9847b6b9b9b3ac008') in 0.012602 seconds 
========================================================================
Received Import Request.
  Time since last request: 0.000013 seconds.
  path: Assets/Unity NavMesh Obstcle/Cursors/Cursors 256/Cursor_Deff.png
  artifactKey: Guid(2c292c9edcc019b4eb6f2f8550a0f686) Importer(815301076,1909f56bfc062723c751e8b465ee728b)
Start importing Assets/Unity NavMesh Obstcle/Cursors/Cursors 256/Cursor_Deff.png using Guid(2c292c9edcc019b4eb6f2f8550a0f686) Importer(815301076,1909f56bfc062723c751e8b465ee728b)  -> (artifact id: '5e16fb20306d71d0a0799ffcbe5a4aea') in 0.012539 seconds 
========================================================================
Received Import Request.
  Time since last request: 0.000019 seconds.
  path: Packages/com.unity.collab-proxy/Editor/PlasticSCM/Assets/Images/buttonssosigningoogle.png
  artifactKey: Guid(f09eae8c0ea04254b90c5386a034a225) Importer(815301076,1909f56bfc062723c751e8b465ee728b)
Start importing Packages/com.unity.collab-proxy/Editor/PlasticSCM/Assets/Images/buttonssosigningoogle.png using Guid(f09eae8c0ea04254b90c5386a034a225) Importer(815301076,1909f56bfc062723c751e8b465ee728b)  -> (artifact id: 'c1ec664b769579b6826a94d341b1e33e') in 0.011747 seconds 
========================================================================
Received Import Request.
  Time since last request: 3.204066 seconds.
  path: Packages/com.unity.collab-proxy/Editor/PlasticSCM/Assets/Images/d_icondeletedlocaloverlay.png
  artifactKey: Guid(4da274d970a82a943ae3979e7833f3dd) Importer(815301076,1909f56bfc062723c751e8b465ee728b)
Start importing Packages/com.unity.collab-proxy/Editor/PlasticSCM/Assets/Images/d_icondeletedlocaloverlay.png using Guid(4da274d970a82a943ae3979e7833f3dd) Importer(815301076,1909f56bfc062723c751e8b465ee728b)  -> (artifact id: 'f879320a56ffdd16a1578a1dc3c04ee2') in 0.020522 seconds 
========================================================================
Received Import Request.
  Time since last request: 0.000013 seconds.
  path: Packages/com.unity.collab-proxy/Editor/PlasticSCM/Assets/Images/d_icondeletedremoteoverlay.png
  artifactKey: Guid(3de8a0634e55df8499c88204001cb0dd) Importer(815301076,1909f56bfc062723c751e8b465ee728b)
Start importing Packages/com.unity.collab-proxy/Editor/PlasticSCM/Assets/Images/d_icondeletedremoteoverlay.png using Guid(3de8a0634e55df8499c88204001cb0dd) Importer(815301076,1909f56bfc062723c751e8b465ee728b)  -> (artifact id: '6bdbfe812b4fd9bf38791c2c989f30d8') in 0.012747 seconds 
========================================================================
Received Import Request.
  Time since last request: 0.003833 seconds.
  path: Packages/com.unity.collab-proxy/Editor/PlasticSCM/Assets/Images/d_iconlockedlocaloverlay.png
  artifactKey: Guid(71c45f80bffdb9145ad2c456254c862e) Importer(815301076,1909f56bfc062723c751e8b465ee728b)
Start importing Packages/com.unity.collab-proxy/Editor/PlasticSCM/Assets/Images/d_iconlockedlocaloverlay.png using Guid(71c45f80bffdb9145ad2c456254c862e) Importer(815301076,1909f56bfc062723c751e8b465ee728b)  -> (artifact id: 'e26ed3a26f4a0404f720d2d8a6392841') in 0.013286 seconds 
========================================================================
Received Import Request.
  Time since last request: 0.000013 seconds.
  path: Packages/com.unity.collab-proxy/Editor/PlasticSCM/Assets/Images/d_iconoutofsync@2x.png
  artifactKey: Guid(f82dfc5fc3c5a8f4080a3550427019c8) Importer(815301076,1909f56bfc062723c751e8b465ee728b)
Start importing Packages/com.unity.collab-proxy/Editor/PlasticSCM/Assets/Images/d_iconoutofsync@2x.png using Guid(f82dfc5fc3c5a8f4080a3550427019c8) Importer(815301076,1909f56bfc062723c751e8b465ee728b)  -> (artifact id: '081d12bd5bcbbd4fa5601cca3d4abae9') in 0.015975 seconds 
========================================================================
Received Import Request.
  Time since last request: 0.000015 seconds.
  path: Packages/com.unity.collab-proxy/Editor/PlasticSCM/Assets/Images/d_iconplasticview.png
  artifactKey: Guid(519d97e745e55f041b609f3666cbc037) Importer(815301076,1909f56bfc062723c751e8b465ee728b)
Start importing Packages/com.unity.collab-proxy/Editor/PlasticSCM/Assets/Images/d_iconplasticview.png using Guid(519d97e745e55f041b609f3666cbc037) Importer(815301076,1909f56bfc062723c751e8b465ee728b)  -> (artifact id: '6796a054fe2af26d816cf0e8c4496e6f') in 0.013645 seconds 
========================================================================
Received Import Request.
  Time since last request: 0.000019 seconds.
  path: Packages/com.unity.collab-proxy/Editor/PlasticSCM/Assets/Images/d_ignoredoverlay@2x.png
  artifactKey: Guid(68fafd0a2acc3774988418f657bf7b68) Importer(815301076,1909f56bfc062723c751e8b465ee728b)
Start importing Packages/com.unity.collab-proxy/Editor/PlasticSCM/Assets/Images/d_ignoredoverlay@2x.png using Guid(68fafd0a2acc3774988418f657bf7b68) Importer(815301076,1909f56bfc062723c751e8b465ee728b)  -> (artifact id: '2654d72e00c778a8f2bc843c2a82a916') in 0.015610 seconds 
========================================================================
Received Import Request.
  Time since last request: 0.000015 seconds.
  path: Packages/com.unity.collab-proxy/Editor/PlasticSCM/Assets/Images/d_iconplasticnotifyincoming@2x.png
  artifactKey: Guid(c5fc116b3271b5947808130b2212cd60) Importer(815301076,1909f56bfc062723c751e8b465ee728b)
Start importing Packages/com.unity.collab-proxy/Editor/PlasticSCM/Assets/Images/d_iconplasticnotifyincoming@2x.png using Guid(c5fc116b3271b5947808130b2212cd60) Importer(815301076,1909f56bfc062723c751e8b465ee728b)  -> (artifact id: '6d75130f8c00510340f09676b45bbb55') in 0.012561 seconds 
========================================================================
Received Import Request.
  Time since last request: 0.000013 seconds.
  path: Packages/com.unity.collab-proxy/Editor/PlasticSCM/Assets/Images/d_loading@2x.png
  artifactKey: Guid(7ee48c5fba4919649a8a6094cbead669) Importer(815301076,1909f56bfc062723c751e8b465ee728b)
Start importing Packages/com.unity.collab-proxy/Editor/PlasticSCM/Assets/Images/d_loading@2x.png using Guid(7ee48c5fba4919649a8a6094cbead669) Importer(815301076,1909f56bfc062723c751e8b465ee728b)  -> (artifact id: 'a98489193cf9cec65edbe1a56c13c511') in 0.013085 seconds 
========================================================================
Received Import Request.
  Time since last request: 0.000013 seconds.
  path: Packages/com.unity.collab-proxy/Editor/PlasticSCM/Assets/Images/d_step1.png
  artifactKey: Guid(38236a82ff44aaa4b972248479d5f970) Importer(815301076,1909f56bfc062723c751e8b465ee728b)
Start importing Packages/com.unity.collab-proxy/Editor/PlasticSCM/Assets/Images/d_step1.png using Guid(38236a82ff44aaa4b972248479d5f970) Importer(815301076,1909f56bfc062723c751e8b465ee728b)  -> (artifact id: '3db28f64fe2b6034b79e0be6c364971f') in 0.012054 seconds 
========================================================================
Received Import Request.
  Time since last request: 0.720981 seconds.
  path: Packages/com.unity.collab-proxy/Editor/PlasticSCM/Assets/Images/d_step2@2x.png
  artifactKey: Guid(cdb88fdb0cf46b244a667edaff21c7df) Importer(815301076,1909f56bfc062723c751e8b465ee728b)
Start importing Packages/com.unity.collab-proxy/Editor/PlasticSCM/Assets/Images/d_step2@2x.png using Guid(cdb88fdb0cf46b244a667edaff21c7df) Importer(815301076,1909f56bfc062723c751e8b465ee728b)  -> (artifact id: '7875be8609d1b2e266876dbf4d135e60') in 0.020970 seconds 
========================================================================
Received Import Request.
  Time since last request: 0.001154 seconds.
  path: Packages/com.unity.collab-proxy/Editor/PlasticSCM/Assets/Images/d_stepok@2x.png
  artifactKey: Guid(3494dc956dfd7174abc07060940a2848) Importer(815301076,1909f56bfc062723c751e8b465ee728b)
Start importing Packages/com.unity.collab-proxy/Editor/PlasticSCM/Assets/Images/d_stepok@2x.png using Guid(3494dc956dfd7174abc07060940a2848) Importer(815301076,1909f56bfc062723c751e8b465ee728b)  -> (artifact id: '42779c2cf9c447091e0cbe6ddde08988') in 0.013714 seconds 
========================================================================
Received Import Request.
  Time since last request: 0.000950 seconds.
  path: Packages/com.unity.timeline/Editor/StyleSheets/Images/Icons/d_TimelineEditModeMixOFF.png
  artifactKey: Guid(39d9575ed0465354cb02b69ea18526de) Importer(815301076,1909f56bfc062723c751e8b465ee728b)
Start importing Packages/com.unity.timeline/Editor/StyleSheets/Images/Icons/d_TimelineEditModeMixOFF.png using Guid(39d9575ed0465354cb02b69ea18526de) Importer(815301076,1909f56bfc062723c751e8b465ee728b)  -> (artifact id: 'f59c55957ef232ba9204e9a5c80ae175') in 0.012106 seconds 
========================================================================
Received Import Request.
  Time since last request: 0.017732 seconds.
  path: Packages/com.unity.timeline/Editor/StyleSheets/Images/Icons/d_TimelineEditModeRippleOFF.png
  artifactKey: Guid(411e6f19c19fa0546af83aeb59c2ed4b) Importer(815301076,1909f56bfc062723c751e8b465ee728b)
Start importing Packages/com.unity.timeline/Editor/StyleSheets/Images/Icons/d_TimelineEditModeRippleOFF.png using Guid(411e6f19c19fa0546af83aeb59c2ed4b) Importer(815301076,1909f56bfc062723c751e8b465ee728b)  -> (artifact id: '0b07afabf0b218f48b365dc4e797ddd8') in 0.011783 seconds 
========================================================================
Received Import Request.
  Time since last request: 0.013391 seconds.
  path: Packages/com.unity.timeline/Editor/StyleSheets/Images/Icons/d_TimelineSignal.png
  artifactKey: Guid(ad2e3e92b00839c4e991ca602ef19822) Importer(815301076,1909f56bfc062723c751e8b465ee728b)
Start importing Packages/com.unity.timeline/Editor/StyleSheets/Images/Icons/d_TimelineSignal.png using Guid(ad2e3e92b00839c4e991ca602ef19822) Importer(815301076,1909f56bfc062723c751e8b465ee728b)  -> (artifact id: '5d20c6d572850c64f7c6f5e616b6528f') in 0.011564 seconds 
========================================================================
Received Import Request.
  Time since last request: 0.000013 seconds.
  path: Packages/com.unity.timeline/Editor/StyleSheets/Images/Icons/d_TrackAvatarButtonDisabled@2x.png
  artifactKey: Guid(fd194f75fe3d7ca4488fa775ae832fd8) Importer(815301076,1909f56bfc062723c751e8b465ee728b)
Start importing Packages/com.unity.timeline/Editor/StyleSheets/Images/Icons/d_TrackAvatarButtonDisabled@2x.png using Guid(fd194f75fe3d7ca4488fa775ae832fd8) Importer(815301076,1909f56bfc062723c751e8b465ee728b)  -> (artifact id: '9578d5289c9d61c5291f475591cb81f5') in 0.014328 seconds 
========================================================================
Received Import Request.
  Time since last request: 0.000012 seconds.
  path: Packages/com.unity.timeline/Editor/StyleSheets/Images/Icons/d_TrackCurvesButtonDisabled@2x.png
  artifactKey: Guid(1f3ea4caa6e0ec74388e4d7d16690e68) Importer(815301076,1909f56bfc062723c751e8b465ee728b)
Start importing Packages/com.unity.timeline/Editor/StyleSheets/Images/Icons/d_TrackCurvesButtonDisabled@2x.png using Guid(1f3ea4caa6e0ec74388e4d7d16690e68) Importer(815301076,1909f56bfc062723c751e8b465ee728b)  -> (artifact id: 'cb5b33dd2b4c013c3dabcabe6bfe2262') in 0.011502 seconds 
========================================================================
Received Import Request.
  Time since last request: 0.000012 seconds.
  path: Packages/com.unity.timeline/Editor/StyleSheets/Images/Icons/d_TrackCurvesButtonEnabled@2x.png
  artifactKey: Guid(43ed4593c5ddda0439fcc1bdaf8309fe) Importer(815301076,1909f56bfc062723c751e8b465ee728b)
Start importing Packages/com.unity.timeline/Editor/StyleSheets/Images/Icons/d_TrackCurvesButtonEnabled@2x.png using Guid(43ed4593c5ddda0439fcc1bdaf8309fe) Importer(815301076,1909f56bfc062723c751e8b465ee728b)  -> (artifact id: 'a788953de672ef3cc926cd6afa23b78e') in 0.013285 seconds 
========================================================================
Received Import Request.
  Time since last request: 0.019719 seconds.
  path: Packages/com.unity.timeline/Editor/StyleSheets/Images/Icons/d_TrackLockButtonEnabled@2x.png
  artifactKey: Guid(2c85066ea99cfbe4f90294bf295ce543) Importer(815301076,1909f56bfc062723c751e8b465ee728b)
Start importing Packages/com.unity.timeline/Editor/StyleSheets/Images/Icons/d_TrackLockButtonEnabled@2x.png using Guid(2c85066ea99cfbe4f90294bf295ce543) Importer(815301076,1909f56bfc062723c751e8b465ee728b)  -> (artifact id: '02fb00441c8490f648d8385d2dc2dbc6') in 0.012745 seconds 
========================================================================
Received Import Request.
  Time since last request: 0.016438 seconds.
  path: Packages/com.unity.timeline/Editor/StyleSheets/Images/Icons/d_TrackMarkerButtonDisabled@2x.png
  artifactKey: Guid(77d926c9a4ddcc940b8c000b45cbfb35) Importer(815301076,1909f56bfc062723c751e8b465ee728b)
Start importing Packages/com.unity.timeline/Editor/StyleSheets/Images/Icons/d_TrackMarkerButtonDisabled@2x.png using Guid(77d926c9a4ddcc940b8c000b45cbfb35) Importer(815301076,1909f56bfc062723c751e8b465ee728b)  -> (artifact id: '212bf492eeaecfdf9aae34225d3f74aa') in 0.011862 seconds 
========================================================================
Received Import Request.
  Time since last request: 0.047226 seconds.
  path: Packages/com.unity.timeline/Editor/StyleSheets/Images/Icons/d_TrackMarkerButtonEnabled@2x.png
  artifactKey: Guid(6192986415256ca47a97a97507406f5e) Importer(815301076,1909f56bfc062723c751e8b465ee728b)
Start importing Packages/com.unity.timeline/Editor/StyleSheets/Images/Icons/d_TrackMarkerButtonEnabled@2x.png using Guid(6192986415256ca47a97a97507406f5e) Importer(815301076,1909f56bfc062723c751e8b465ee728b)  -> (artifact id: '86d2ac39c2f84df222fdf1c39104f9e0') in 0.015615 seconds 
========================================================================
Received Import Request.
  Time since last request: 0.023600 seconds.
  path: Packages/com.unity.timeline/Editor/StyleSheets/Images/Icons/d_TrackMuteButtonEnabled@2x.png
  artifactKey: Guid(e54e20c7a9730fe4c822d63228527ae4) Importer(815301076,1909f56bfc062723c751e8b465ee728b)
Start importing Packages/com.unity.timeline/Editor/StyleSheets/Images/Icons/d_TrackMuteButtonEnabled@2x.png using Guid(e54e20c7a9730fe4c822d63228527ae4) Importer(815301076,1909f56bfc062723c751e8b465ee728b)  -> (artifact id: '6147c72fd8cba655fcce15c8b6d92018') in 0.012007 seconds 
========================================================================
Received Import Request.
  Time since last request: 0.023986 seconds.
  path: Packages/com.unity.timeline/Editor/StyleSheets/Images/Icons/d_TrackRecordButtonDisabled@2x.png
  artifactKey: Guid(db15c78579dee4a4db85f392634c8ecc) Importer(815301076,1909f56bfc062723c751e8b465ee728b)
Start importing Packages/com.unity.timeline/Editor/StyleSheets/Images/Icons/d_TrackRecordButtonDisabled@2x.png using Guid(db15c78579dee4a4db85f392634c8ecc) Importer(815301076,1909f56bfc062723c751e8b465ee728b)  -> (artifact id: '38aa1a3de6667d88aab7f974f3a83664') in 0.011823 seconds 
========================================================================
Received Import Request.
  Time since last request: 0.063454 seconds.
  path: Packages/com.unity.timeline/Editor/StyleSheets/Images/Icons/d_TrackRecordButtonEnabled@2x.png
  artifactKey: Guid(0f1c9a12872a30f45bab34f536332bb3) Importer(815301076,1909f56bfc062723c751e8b465ee728b)
Start importing Packages/com.unity.timeline/Editor/StyleSheets/Images/Icons/d_TrackRecordButtonEnabled@2x.png using Guid(0f1c9a12872a30f45bab34f536332bb3) Importer(815301076,1909f56bfc062723c751e8b465ee728b)  -> (artifact id: '63a09e06a367a041614375db795c313b') in 0.012744 seconds 
========================================================================
Received Import Request.
  Time since last request: 0.035623 seconds.
  path: Assets/Unity Interface/TGU Skybox Pack/Doomsday/Doomsday1_back.png
  artifactKey: Guid(3ad6a54c011c46048afe8335ca118924) Importer(815301076,1909f56bfc062723c751e8b465ee728b)
Start importing Assets/Unity Interface/TGU Skybox Pack/Doomsday/Doomsday1_back.png using Guid(3ad6a54c011c46048afe8335ca118924) Importer(815301076,1909f56bfc062723c751e8b465ee728b)  -> (artifact id: 'd08ea6a6976e7edbb6f7c66da2d6db25') in 0.028110 seconds 
========================================================================
Received Import Request.
  Time since last request: 0.430018 seconds.
  path: Assets/Unity Interface/TGU Skybox Pack/Doomsday/Doomsday1_front.png
  artifactKey: Guid(62cb65b8f1cc222449e3be17c4e27e3d) Importer(815301076,1909f56bfc062723c751e8b465ee728b)
Start importing Assets/Unity Interface/TGU Skybox Pack/Doomsday/Doomsday1_front.png using Guid(62cb65b8f1cc222449e3be17c4e27e3d) Importer(815301076,1909f56bfc062723c751e8b465ee728b)  -> (artifact id: '6a439df5fec04603579c08b466470f79') in 0.024332 seconds 
========================================================================
Received Import Request.
  Time since last request: 0.020040 seconds.
  path: Packages/com.unity.testtools.codecoverage/Editor/Icons/FolderOpened.png
  artifactKey: Guid(1935829ae7024da448814ef05b31e6c4) Importer(815301076,1909f56bfc062723c751e8b465ee728b)
Start importing Packages/com.unity.testtools.codecoverage/Editor/Icons/FolderOpened.png using Guid(1935829ae7024da448814ef05b31e6c4) Importer(815301076,1909f56bfc062723c751e8b465ee728b)  -> (artifact id: '536ca49fbdff3771a392781e338c15a8') in 0.011697 seconds 
========================================================================
Received Import Request.
  Time since last request: 0.000011 seconds.
  path: Assets/Unity Interface/Simasart/Hungry Bat/Fonts/Files/gomarice_rocks.ttf
  artifactKey: Guid(5b4c71e3d031e114b935523eab6a05e8) Importer(815301076,1909f56bfc062723c751e8b465ee728b)
Start importing Assets/Unity Interface/Simasart/Hungry Bat/Fonts/Files/gomarice_rocks.ttf using Guid(5b4c71e3d031e114b935523eab6a05e8) Importer(815301076,1909f56bfc062723c751e8b465ee728b)  -> (artifact id: '61e8ac137944c098ac20cccad3397b0b') in 0.043788 seconds 
========================================================================
Received Import Request.
  Time since last request: 0.000014 seconds.
  path: Assets/Unity NavMesh Obstcle/Cursors/Cursors 64/G_Cursor_Basic2.png
  artifactKey: Guid(a9ae0267b06e7b24d90f188a4370cce3) Importer(815301076,1909f56bfc062723c751e8b465ee728b)
Start importing Assets/Unity NavMesh Obstcle/Cursors/Cursors 64/G_Cursor_Basic2.png using Guid(a9ae0267b06e7b24d90f188a4370cce3) Importer(815301076,1909f56bfc062723c751e8b465ee728b)  -> (artifact id: '13e7702a5ff9f2d55fe14cd9cb8dfb47') in 0.012930 seconds 
========================================================================
Received Import Request.
  Time since last request: 0.000016 seconds.
  path: Assets/Unity NavMesh Obstcle/Cursors/Cursors 64/G_Cursor_Basic2_R.png
  artifactKey: Guid(11ced191b585af049981750de4f6125d) Importer(815301076,1909f56bfc062723c751e8b465ee728b)
Start importing Assets/Unity NavMesh Obstcle/Cursors/Cursors 64/G_Cursor_Basic2_R.png using Guid(11ced191b585af049981750de4f6125d) Importer(815301076,1909f56bfc062723c751e8b465ee728b)  -> (artifact id: '53762e2223298701ba951a6337c64eca') in 0.011471 seconds 
========================================================================
Received Import Request.
  Time since last request: 0.000025 seconds.
  path: Assets/Unity NavMesh Obstcle/Cursors/Cursors 64/G_Cursor_Flask.png
  artifactKey: Guid(4545706b59b364441bbdde8408c6ad99) Importer(815301076,1909f56bfc062723c751e8b465ee728b)
Start importing Assets/Unity NavMesh Obstcle/Cursors/Cursors 64/G_Cursor_Flask.png using Guid(4545706b59b364441bbdde8408c6ad99) Importer(815301076,1909f56bfc062723c751e8b465ee728b)  -> (artifact id: '47a24d02351f869c63378ceb464701c3') in 0.011608 seconds 
========================================================================
Received Import Request.
  Time since last request: 0.000013 seconds.
  path: Assets/Unity NavMesh Obstcle/Cursors/Cursors 64/G_Cursor_Hand2.png
  artifactKey: Guid(daf580b39fe978f4f93d2871853610b2) Importer(815301076,1909f56bfc062723c751e8b465ee728b)
Start importing Assets/Unity NavMesh Obstcle/Cursors/Cursors 64/G_Cursor_Hand2.png using Guid(daf580b39fe978f4f93d2871853610b2) Importer(815301076,1909f56bfc062723c751e8b465ee728b)  -> (artifact id: '00dcb4bdcb2bc188e6fec2b417f130cf') in 0.010461 seconds 
========================================================================
Received Import Request.
  Time since last request: 0.000015 seconds.
  path: Assets/Unity NavMesh Obstcle/Cursors/Cursors 256/G_Cursor_Move2.png
  artifactKey: Guid(460b8c81943825c479af7ffbd80c9e5d) Importer(815301076,1909f56bfc062723c751e8b465ee728b)
Start importing Assets/Unity NavMesh Obstcle/Cursors/Cursors 256/G_Cursor_Move2.png using Guid(460b8c81943825c479af7ffbd80c9e5d) Importer(815301076,1909f56bfc062723c751e8b465ee728b)  -> (artifact id: '695158344d4105808a096e2b399b0faa') in 0.013645 seconds 
========================================================================
Received Import Request.
  Time since last request: 0.000017 seconds.
  path: Assets/Unity NavMesh Obstcle/Cursors/Cursors 64/G_Cursor_Move1.png
  artifactKey: Guid(8565063079ea8204eaeb228bc3d8b92d) Importer(815301076,1909f56bfc062723c751e8b465ee728b)
Start importing Assets/Unity NavMesh Obstcle/Cursors/Cursors 64/G_Cursor_Move1.png using Guid(8565063079ea8204eaeb228bc3d8b92d) Importer(815301076,1909f56bfc062723c751e8b465ee728b)  -> (artifact id: '6419c716b75922d112e051b19eabd322') in 0.011343 seconds 
========================================================================
Received Import Request.
  Time since last request: 0.000017 seconds.
  path: Assets/Unity NavMesh Obstcle/Cursors/Cursors 64/G_Cursor_Settings.png
  artifactKey: Guid(7ec1dbfa4ac227442ae8e6e238233e41) Importer(815301076,1909f56bfc062723c751e8b465ee728b)
Start importing Assets/Unity NavMesh Obstcle/Cursors/Cursors 64/G_Cursor_Settings.png using Guid(7ec1dbfa4ac227442ae8e6e238233e41) Importer(815301076,1909f56bfc062723c751e8b465ee728b)  -> (artifact id: '474616ff54d59692e85e98c297321a6f') in 0.010474 seconds 
========================================================================
Received Import Request.
  Time since last request: 0.000017 seconds.
  path: Assets/Unity NavMesh Obstcle/Cursors/Cursors 64/G_Cursor_Basic2_G.png
  artifactKey: Guid(50df96a1a1ddc4b4ca4058e759481611) Importer(815301076,1909f56bfc062723c751e8b465ee728b)
Start importing Assets/Unity NavMesh Obstcle/Cursors/Cursors 64/G_Cursor_Basic2_G.png using Guid(50df96a1a1ddc4b4ca4058e759481611) Importer(815301076,1909f56bfc062723c751e8b465ee728b)  -> (artifact id: '1198874a0ab1b50e3d6e774a0d093226') in 0.009145 seconds 
========================================================================
Received Import Request.
  Time since last request: 0.033709 seconds.
  path: Assets/Unity NavMesh Obstcle/Cursors/Cursors 256/G_Cursor_ship.png
  artifactKey: Guid(bd07cfd77024d42459c1bb5bb8e21282) Importer(815301076,1909f56bfc062723c751e8b465ee728b)
Start importing Assets/Unity NavMesh Obstcle/Cursors/Cursors 256/G_Cursor_ship.png using Guid(bd07cfd77024d42459c1bb5bb8e21282) Importer(815301076,1909f56bfc062723c751e8b465ee728b)  -> (artifact id: '95e09fcef70b3a3e7920a40245f2381a') in 0.016284 seconds 
========================================================================
Received Import Request.
  Time since last request: 0.000014 seconds.
  path: Assets/Unity Interface/Simasart/Hungry Bat/Fonts/TMP/gomarice_rocks_white_outline.asset
  artifactKey: Guid(3b2cebfebb7ab97499912765e39bec74) Importer(815301076,1909f56bfc062723c751e8b465ee728b)
Start importing Assets/Unity Interface/Simasart/Hungry Bat/Fonts/TMP/gomarice_rocks_white_outline.asset using Guid(3b2cebfebb7ab97499912765e39bec74) Importer(815301076,1909f56bfc062723c751e8b465ee728b)  -> (artifact id: '0dd11ec8360be951c75005bdfec9c7f4') in 0.050807 seconds 
========================================================================
Received Import Request.
  Time since last request: 0.000018 seconds.
  path: Assets/Unity Interface/Simasart/Hungry Bat/Fonts/TMP/gomarice_rocks_yellow_outline_small.asset
  artifactKey: Guid(e933cef826c0cdf40953edc5cd7edf70) Importer(815301076,1909f56bfc062723c751e8b465ee728b)
Start importing Assets/Unity Interface/Simasart/Hungry Bat/Fonts/TMP/gomarice_rocks_yellow_outline_small.asset using Guid(e933cef826c0cdf40953edc5cd7edf70) Importer(815301076,1909f56bfc062723c751e8b465ee728b)  -> (artifact id: '3343da48b41002d23349355b683f65ae') in 0.025333 seconds 
========================================================================
Received Import Request.
  Time since last request: 0.000111 seconds.
  path: Packages/com.unity.collab-proxy/Editor/PlasticSCM/Assets/Images/iconaddedlocal@2x.png
  artifactKey: Guid(a67b58d6cddcd4345b1e001340de5a76) Importer(815301076,1909f56bfc062723c751e8b465ee728b)
Start importing Packages/com.unity.collab-proxy/Editor/PlasticSCM/Assets/Images/iconaddedlocal@2x.png using Guid(a67b58d6cddcd4345b1e001340de5a76) Importer(815301076,1909f56bfc062723c751e8b465ee728b)  -> (artifact id: 'b043d38ae115f1c82e24d41049003cfe') in 0.011445 seconds 
========================================================================
Received Import Request.
  Time since last request: 0.000012 seconds.
  path: Packages/com.unity.collab-proxy/Editor/PlasticSCM/Assets/Images/iconbranch.png
  artifactKey: Guid(a6219d44b6fc910449f7c3fee45db5c5) Importer(815301076,1909f56bfc062723c751e8b465ee728b)
Start importing Packages/com.unity.collab-proxy/Editor/PlasticSCM/Assets/Images/iconbranch.png using Guid(a6219d44b6fc910449f7c3fee45db5c5) Importer(815301076,1909f56bfc062723c751e8b465ee728b)  -> (artifact id: 'b9829a5086b337c65091e73ea166eb30') in 0.012370 seconds 
========================================================================
Received Import Request.
  Time since last request: 0.000013 seconds.
  path: Packages/com.unity.collab-proxy/Editor/PlasticSCM/Assets/Images/iconconflicted.png
  artifactKey: Guid(d1c88f142eee55b4eb2b2cfd7b3624ce) Importer(815301076,1909f56bfc062723c751e8b465ee728b)
Start importing Packages/com.unity.collab-proxy/Editor/PlasticSCM/Assets/Images/iconconflicted.png using Guid(d1c88f142eee55b4eb2b2cfd7b3624ce) Importer(815301076,1909f56bfc062723c751e8b465ee728b)  -> (artifact id: '98f157c89516e26501ea19a2d65cb2b0') in 0.013411 seconds 
========================================================================
Received Import Request.
  Time since last request: 0.000013 seconds.
  path: Packages/com.unity.collab-proxy/Editor/PlasticSCM/Assets/Images/icondeleted.png
  artifactKey: Guid(77a39e873655d3c4b93d0b7696397b83) Importer(815301076,1909f56bfc062723c751e8b465ee728b)
Start importing Packages/com.unity.collab-proxy/Editor/PlasticSCM/Assets/Images/icondeleted.png using Guid(77a39e873655d3c4b93d0b7696397b83) Importer(815301076,1909f56bfc062723c751e8b465ee728b)  -> (artifact id: '2cc6342e3d38c72a563e381ccbc56b2c') in 0.012345 seconds 
========================================================================
Received Import Request.
  Time since last request: 0.000014 seconds.
  path: Packages/com.unity.collab-proxy/Editor/PlasticSCM/Assets/Images/icondeletedremote.png
  artifactKey: Guid(b85a4b2ec6433d04895612d791edc260) Importer(815301076,1909f56bfc062723c751e8b465ee728b)
Start importing Packages/com.unity.collab-proxy/Editor/PlasticSCM/Assets/Images/icondeletedremote.png using Guid(b85a4b2ec6433d04895612d791edc260) Importer(815301076,1909f56bfc062723c751e8b465ee728b)  -> (artifact id: '0aaabaf7d6e92508bc065bbb2d673f20') in 0.012332 seconds 
========================================================================
Received Import Request.
  Time since last request: 0.000015 seconds.
  path: Packages/com.unity.collab-proxy/Editor/PlasticSCM/Assets/Images/iconoutofsync.png
  artifactKey: Guid(636d03a8834e3ed4cac3a1cb4b82deaf) Importer(815301076,1909f56bfc062723c751e8b465ee728b)
Start importing Packages/com.unity.collab-proxy/Editor/PlasticSCM/Assets/Images/iconoutofsync.png using Guid(636d03a8834e3ed4cac3a1cb4b82deaf) Importer(815301076,1909f56bfc062723c751e8b465ee728b)  -> (artifact id: '6d7da3388ad90ae29e3402a71f9f74c8') in 0.013584 seconds 
========================================================================
Received Import Request.
  Time since last request: 0.000013 seconds.
  path: Packages/com.unity.collab-proxy/Editor/PlasticSCM/Assets/Images/iconoutofsyncoverlay@2x.png
  artifactKey: Guid(3728580c149181a44b359e89f6edacae) Importer(815301076,1909f56bfc062723c751e8b465ee728b)
Start importing Packages/com.unity.collab-proxy/Editor/PlasticSCM/Assets/Images/iconoutofsyncoverlay@2x.png using Guid(3728580c149181a44b359e89f6edacae) Importer(815301076,1909f56bfc062723c751e8b465ee728b)  -> (artifact id: '49ca7b3aa42dda35dd434c0604a4a729') in 0.013440 seconds 
========================================================================
Received Import Request.
  Time since last request: 0.000013 seconds.
  path: Packages/com.unity.collab-proxy/Editor/PlasticSCM/Assets/Images/iconplasticview.png
  artifactKey: Guid(dcb2ee37925b97e438ae244996d81a55) Importer(815301076,1909f56bfc062723c751e8b465ee728b)
Start importing Packages/com.unity.collab-proxy/Editor/PlasticSCM/Assets/Images/iconplasticview.png using Guid(dcb2ee37925b97e438ae244996d81a55) Importer(815301076,1909f56bfc062723c751e8b465ee728b)  -> (artifact id: '9e3a2f81845095c20b590df9ae825223') in 0.012468 seconds 
========================================================================
Received Import Request.
  Time since last request: 0.000015 seconds.
  path: Packages/com.unity.collab-proxy/Editor/PlasticSCM/Assets/Images/iconpressedclosebutton.png
  artifactKey: Guid(94fe868620119564f9474f40cd6145aa) Importer(815301076,1909f56bfc062723c751e8b465ee728b)
Start importing Packages/com.unity.collab-proxy/Editor/PlasticSCM/Assets/Images/iconpressedclosebutton.png using Guid(94fe868620119564f9474f40cd6145aa) Importer(815301076,1909f56bfc062723c751e8b465ee728b)  -> (artifact id: 'e031b7d0d9054ba0a8b9f941c92192ec') in 0.013907 seconds 
========================================================================
Received Import Request.
  Time since last request: 0.000013 seconds.
  path: Assets/Unity Interface/Sport Car - 3D model/Flares/Textures/IndicatorFlare.png
  artifactKey: Guid(15b8b77ac1be56f4bb3084151aab9025) Importer(815301076,1909f56bfc062723c751e8b465ee728b)
Start importing Assets/Unity Interface/Sport Car - 3D model/Flares/Textures/IndicatorFlare.png using Guid(15b8b77ac1be56f4bb3084151aab9025) Importer(815301076,1909f56bfc062723c751e8b465ee728b)  -> (artifact id: 'd16509774a758c1ccd330c8aa0fae981') in 0.012386 seconds 
========================================================================
Received Import Request.
  Time since last request: 0.000015 seconds.
  path: Packages/com.unity.collab-proxy/Editor/PlasticSCM/Assets/Images/loading.png
  artifactKey: Guid(c6b1bcaa3f4767141acd747384dbb276) Importer(815301076,1909f56bfc062723c751e8b465ee728b)
Start importing Packages/com.unity.collab-proxy/Editor/PlasticSCM/Assets/Images/loading.png using Guid(c6b1bcaa3f4767141acd747384dbb276) Importer(815301076,1909f56bfc062723c751e8b465ee728b)  -> (artifact id: '12bc389f80f52ba51f743bf769f61b8c') in 0.013212 seconds 
========================================================================
Received Import Request.
  Time since last request: 0.000013 seconds.
  path: Packages/com.unity.collab-proxy/Editor/PlasticSCM/Assets/Images/loading@2x.png
  artifactKey: Guid(5dbc069eb79bd4d43840847264d6d956) Importer(815301076,1909f56bfc062723c751e8b465ee728b)
Start importing Packages/com.unity.collab-proxy/Editor/PlasticSCM/Assets/Images/loading@2x.png using Guid(5dbc069eb79bd4d43840847264d6d956) Importer(815301076,1909f56bfc062723c751e8b465ee728b)  -> (artifact id: 'ce2f52eab56ccd4fd0474b495db66fb6') in 0.013512 seconds 
========================================================================
Received Import Request.
  Time since last request: 0.000014 seconds.
  path: Assets/Unity Instantiate/Monster_Orc (Troll)/Texture/monster_Roughness.png
  artifactKey: Guid(1610e3e29f96246968c35fb3151137c2) Importer(815301076,1909f56bfc062723c751e8b465ee728b)
Start importing Assets/Unity Instantiate/Monster_Orc (Troll)/Texture/monster_Roughness.png using Guid(1610e3e29f96246968c35fb3151137c2) Importer(815301076,1909f56bfc062723c751e8b465ee728b)  -> (artifact id: '664d2bff14ad14edcd461d09e43df7b8') in 0.018520 seconds 
========================================================================
Received Import Request.
  Time since last request: 0.000017 seconds.
  path: Assets/Unity Interface/TGU Skybox Pack/Newdawn/Newdawn1_right.png
  artifactKey: Guid(979665c5e497b7b4e852fc77e5b27a96) Importer(815301076,1909f56bfc062723c751e8b465ee728b)
Start importing Assets/Unity Interface/TGU Skybox Pack/Newdawn/Newdawn1_right.png using Guid(979665c5e497b7b4e852fc77e5b27a96) Importer(815301076,1909f56bfc062723c751e8b465ee728b)  -> (artifact id: '7d1d083bcbb7585d3a2d1a9334f787c7') in 0.015893 seconds 
========================================================================
Received Import Request.
  Time since last request: 0.000023 seconds.
  path: Assets/Unity Interface/Sport Car - 3D model/Materials/Wheel_Mats/NormalMap.png
  artifactKey: Guid(d4f120d3fed61a64fa269e1fdc785ca9) Importer(815301076,1909f56bfc062723c751e8b465ee728b)
Start importing Assets/Unity Interface/Sport Car - 3D model/Materials/Wheel_Mats/NormalMap.png using Guid(d4f120d3fed61a64fa269e1fdc785ca9) Importer(815301076,1909f56bfc062723c751e8b465ee728b)  -> (artifact id: '847dfc1438d2422db772547ec8649b02') in 0.016270 seconds 
========================================================================
Received Import Request.
  Time since last request: 0.000013 seconds.
  path: Packages/com.unity.collab-proxy/Editor/PlasticSCM/Assets/Images/ok.png
  artifactKey: Guid(3238dca1e9ea9fb4aa64b28298ba6dbd) Importer(815301076,1909f56bfc062723c751e8b465ee728b)
Start importing Packages/com.unity.collab-proxy/Editor/PlasticSCM/Assets/Images/ok.png using Guid(3238dca1e9ea9fb4aa64b28298ba6dbd) Importer(815301076,1909f56bfc062723c751e8b465ee728b)  -> (artifact id: '0b3e700f5b52f0dc849dccb4f2b9d433') in 0.013022 seconds 
========================================================================
Received Import Request.
  Time since last request: 0.000013 seconds.
  path: Assets/Unity Interface/TGU Skybox Pack/Nostalgia/Nostalgia1_front.png
  artifactKey: Guid(04dcf4a788e697c40a9e0d15af66238d) Importer(815301076,1909f56bfc062723c751e8b465ee728b)
Start importing Assets/Unity Interface/TGU Skybox Pack/Nostalgia/Nostalgia1_front.png using Guid(04dcf4a788e697c40a9e0d15af66238d) Importer(815301076,1909f56bfc062723c751e8b465ee728b)  -> (artifact id: '85f1e417fd9e51477259474c8f15766f') in 0.020359 seconds 
========================================================================
Received Import Request.
  Time since last request: 0.000022 seconds.
  path: Packages/com.unity.collab-proxy/Editor/PlasticSCM/Assets/Images/step3@2x.png
  artifactKey: Guid(36e6970b84831434a9eac79abd03700b) Importer(815301076,1909f56bfc062723c751e8b465ee728b)
Start importing Packages/com.unity.collab-proxy/Editor/PlasticSCM/Assets/Images/step3@2x.png using Guid(36e6970b84831434a9eac79abd03700b) Importer(815301076,1909f56bfc062723c751e8b465ee728b)  -> (artifact id: '71d12e868dc50e5e0edbcbb1e9af7bd7') in 0.013968 seconds 
========================================================================
Received Import Request.
  Time since last request: 0.000015 seconds.
  path: Assets/Unity Interface/Simasart/Hungry Bat/Fonts/Gradients/texture_yellow.png
  artifactKey: Guid(f1a71ddbd112aa549b4d0837fcf766ef) Importer(815301076,1909f56bfc062723c751e8b465ee728b)
Start importing Assets/Unity Interface/Simasart/Hungry Bat/Fonts/Gradients/texture_yellow.png using Guid(f1a71ddbd112aa549b4d0837fcf766ef) Importer(815301076,1909f56bfc062723c751e8b465ee728b)  -> (artifact id: '139bf225e293f9d771cf75517e974bf4') in 0.012784 seconds 
========================================================================
Received Import Request.
  Time since last request: 0.000014 seconds.
  path: Packages/com.unity.timeline/Editor/StyleSheets/Images/DarkSkin/TimelineActivation.png
  artifactKey: Guid(359cf58d5969d1a4aad29b095c7fc338) Importer(815301076,1909f56bfc062723c751e8b465ee728b)
Start importing Packages/com.unity.timeline/Editor/StyleSheets/Images/DarkSkin/TimelineActivation.png using Guid(359cf58d5969d1a4aad29b095c7fc338) Importer(815301076,1909f56bfc062723c751e8b465ee728b)  -> (artifact id: '35651247f24e0acd8d647614b2ea662b') in 0.012494 seconds 
========================================================================
Received Import Request.
  Time since last request: 0.000013 seconds.
  path: Packages/com.unity.timeline/Editor/StyleSheets/Images/DarkSkin/TimelineAutokey.png
  artifactKey: Guid(92b5e4310629b264dad0fb2cc196d818) Importer(815301076,1909f56bfc062723c751e8b465ee728b)
Start importing Packages/com.unity.timeline/Editor/StyleSheets/Images/DarkSkin/TimelineAutokey.png using Guid(92b5e4310629b264dad0fb2cc196d818) Importer(815301076,1909f56bfc062723c751e8b465ee728b)  -> (artifact id: 'd85c686483b928e3bfc8d4bc28280c22') in 0.011657 seconds 
========================================================================
Received Import Request.
  Time since last request: 0.000013 seconds.
  path: Packages/com.unity.timeline/Editor/StyleSheets/Images/Icons/TimelineClipBG.png
  artifactKey: Guid(d44fc8b11425e0043aa7c20a301ce707) Importer(815301076,1909f56bfc062723c751e8b465ee728b)
Start importing Packages/com.unity.timeline/Editor/StyleSheets/Images/Icons/TimelineClipBG.png using Guid(d44fc8b11425e0043aa7c20a301ce707) Importer(815301076,1909f56bfc062723c751e8b465ee728b)  -> (artifact id: '51b4196c3eecc2ed8593159d44f8fb61') in 0.012795 seconds 
========================================================================
Received Import Request.
  Time since last request: 0.000013 seconds.
  path: Packages/com.unity.timeline/Editor/StyleSheets/Images/Shared/TimelineConnector.png
  artifactKey: Guid(a04f1625bf500f64e97445265dfbcc93) Importer(815301076,1909f56bfc062723c751e8b465ee728b)
Start importing Packages/com.unity.timeline/Editor/StyleSheets/Images/Shared/TimelineConnector.png using Guid(a04f1625bf500f64e97445265dfbcc93) Importer(815301076,1909f56bfc062723c751e8b465ee728b)  -> (artifact id: '6180818d21aedf901f01d915e2fd16a8') in 0.013233 seconds 
========================================================================
Received Import Request.
  Time since last request: 0.000018 seconds.
  path: Packages/com.unity.timeline/Editor/StyleSheets/Images/Icons/TimelineEditModeReplaceOFF.png
  artifactKey: Guid(09ae14686a02d484ab41e76fd1efba14) Importer(815301076,1909f56bfc062723c751e8b465ee728b)
Start importing Packages/com.unity.timeline/Editor/StyleSheets/Images/Icons/TimelineEditModeReplaceOFF.png using Guid(09ae14686a02d484ab41e76fd1efba14) Importer(815301076,1909f56bfc062723c751e8b465ee728b)  -> (artifact id: '416fd3608e3d3c52e8c092b4808e56c9') in 0.011728 seconds 
========================================================================
Received Import Request.
  Time since last request: 0.000013 seconds.
  path: Packages/com.unity.collab-proxy/Editor/PlasticSCM/Assets/Images/refresh.png
  artifactKey: Guid(6f6a4c6bd7cdc654d9d91f7de72afcb6) Importer(815301076,1909f56bfc062723c751e8b465ee728b)
Start importing Packages/com.unity.collab-proxy/Editor/PlasticSCM/Assets/Images/refresh.png using Guid(6f6a4c6bd7cdc654d9d91f7de72afcb6) Importer(815301076,1909f56bfc062723c751e8b465ee728b)  -> (artifact id: 'a6843ff865f57d624158472e72cc7c94') in 0.011408 seconds 
========================================================================
Received Import Request.
  Time since last request: 0.000014 seconds.
  path: Packages/com.unity.timeline/Editor/StyleSheets/Images/DarkSkin/TimelineAutokey_active.png
  artifactKey: Guid(e17ee60887efdd04389991a15ee0c578) Importer(815301076,1909f56bfc062723c751e8b465ee728b)
Start importing Packages/com.unity.timeline/Editor/StyleSheets/Images/DarkSkin/TimelineAutokey_active.png using Guid(e17ee60887efdd04389991a15ee0c578) Importer(815301076,1909f56bfc062723c751e8b465ee728b)  -> (artifact id: '64450d31a763a653effe1f2052b54a15') in 0.011086 seconds 
========================================================================
Received Import Request.
  Time since last request: 0.000017 seconds.
  path: Packages/com.unity.timeline/Editor/StyleSheets/Images/Icons/TimelineDigIn.png
  artifactKey: Guid(b1d064d6d80829f4eb370f679384ea1f) Importer(815301076,1909f56bfc062723c751e8b465ee728b)
Start importing Packages/com.unity.timeline/Editor/StyleSheets/Images/Icons/TimelineDigIn.png using Guid(b1d064d6d80829f4eb370f679384ea1f) Importer(815301076,1909f56bfc062723c751e8b465ee728b)  -> (artifact id: 'd71d6df0b3c64f8528837d36ee06d348') in 0.012007 seconds 
========================================================================
Received Import Request.
  Time since last request: 0.000020 seconds.
  path: Packages/com.unity.timeline/Editor/StyleSheets/Images/LightSkin/TimelineEndPlayback.png
  artifactKey: Guid(6952cd3b0f88917449a8fa4d19fc5009) Importer(815301076,1909f56bfc062723c751e8b465ee728b)
Start importing Packages/com.unity.timeline/Editor/StyleSheets/Images/LightSkin/TimelineEndPlayback.png using Guid(6952cd3b0f88917449a8fa4d19fc5009) Importer(815301076,1909f56bfc062723c751e8b465ee728b)  -> (artifact id: '19ce13f2267810467622239eae5b6df4') in 0.011050 seconds 
========================================================================
Received Import Request.
  Time since last request: 0.000013 seconds.
  path: Packages/com.unity.timeline/Editor/StyleSheets/Images/DarkSkin/TimelineHold.png
  artifactKey: Guid(ddbd45249a133a846b2f20e39b537565) Importer(815301076,1909f56bfc062723c751e8b465ee728b)
Start importing Packages/com.unity.timeline/Editor/StyleSheets/Images/DarkSkin/TimelineHold.png using Guid(ddbd45249a133a846b2f20e39b537565) Importer(815301076,1909f56bfc062723c751e8b465ee728b)  -> (artifact id: '96142368648bad7c5e8f43ae30fa30ae') in 0.010810 seconds 
========================================================================
Received Import Request.
  Time since last request: 0.000018 seconds.
  path: Packages/com.unity.timeline/Editor/StyleSheets/Images/DarkSkin/TimelineKeyframe.png
  artifactKey: Guid(8eba099eb091faf419fecdcd5cdabfd7) Importer(815301076,1909f56bfc062723c751e8b465ee728b)
Start importing Packages/com.unity.timeline/Editor/StyleSheets/Images/DarkSkin/TimelineKeyframe.png using Guid(8eba099eb091faf419fecdcd5cdabfd7) Importer(815301076,1909f56bfc062723c751e8b465ee728b)  -> (artifact id: '392805541d11a51d14e70e70b169a948') in 0.012912 seconds 
========================================================================
Received Import Request.
  Time since last request: 0.000013 seconds.
  path: Packages/com.unity.timeline/Editor/StyleSheets/Images/LightSkin/TimelineLoop.png
  artifactKey: Guid(c7df1e797b21c774f9b859d17f674737) Importer(815301076,1909f56bfc062723c751e8b465ee728b)
Start importing Packages/com.unity.timeline/Editor/StyleSheets/Images/LightSkin/TimelineLoop.png using Guid(c7df1e797b21c774f9b859d17f674737) Importer(815301076,1909f56bfc062723c751e8b465ee728b)  -> (artifact id: 'a3e04d0c5a2c241461b30349e4d3f710') in 0.013300 seconds 
========================================================================
Received Import Request.
  Time since last request: 0.000014 seconds.
  path: Packages/com.unity.timeline/Editor/StyleSheets/Images/LightSkin/TimelineMarkerItemCollapsed.png
  artifactKey: Guid(7d4691eba7565c34ab785c00fbc27ff8) Importer(815301076,1909f56bfc062723c751e8b465ee728b)
Start importing Packages/com.unity.timeline/Editor/StyleSheets/Images/LightSkin/TimelineMarkerItemCollapsed.png using Guid(7d4691eba7565c34ab785c00fbc27ff8) Importer(815301076,1909f56bfc062723c751e8b465ee728b)  -> (artifact id: '25cfd7e82c661a1b5d1ab5b6dc1e8112') in 0.012432 seconds 
========================================================================
Received Import Request.
  Time since last request: 0.000016 seconds.
  path: Packages/com.unity.timeline/Editor/StyleSheets/Images/Shared/TimelineOutline.png
  artifactKey: Guid(829511f8e35bf3a40be037a1050f801c) Importer(815301076,1909f56bfc062723c751e8b465ee728b)
Start importing Packages/com.unity.timeline/Editor/StyleSheets/Images/Shared/TimelineOutline.png using Guid(829511f8e35bf3a40be037a1050f801c) Importer(815301076,1909f56bfc062723c751e8b465ee728b)  -> (artifact id: '9a888c85bdd449d0ec5b9636cf8c0e6d') in 0.012669 seconds 
========================================================================
Received Import Request.
  Time since last request: 0.000012 seconds.
  path: Packages/com.unity.timeline/Editor/StyleSheets/Images/DarkSkin/TimelineSignalCollapsed.png
  artifactKey: Guid(d91793cd853a258448e4d5545bb38e45) Importer(815301076,1909f56bfc062723c751e8b465ee728b)
Start importing Packages/com.unity.timeline/Editor/StyleSheets/Images/DarkSkin/TimelineSignalCollapsed.png using Guid(d91793cd853a258448e4d5545bb38e45) Importer(815301076,1909f56bfc062723c751e8b465ee728b)  -> (artifact id: 'b3a7568a0b89fa0a87e539a45ff6fe8e') in 0.011681 seconds 
========================================================================
Received Import Request.
  Time since last request: 0.000013 seconds.
  path: Packages/com.unity.timeline/Editor/StyleSheets/Images/DarkSkin/TimelineSignalSelected.png
  artifactKey: Guid(a5e21f4e466690645980dd0cf0b664bc) Importer(815301076,1909f56bfc062723c751e8b465ee728b)
Start importing Packages/com.unity.timeline/Editor/StyleSheets/Images/DarkSkin/TimelineSignalSelected.png using Guid(a5e21f4e466690645980dd0cf0b664bc) Importer(815301076,1909f56bfc062723c751e8b465ee728b)  -> (artifact id: '23bc53657af6632cdc00583d29cf9331') in 0.012862 seconds 
========================================================================
Received Import Request.
  Time since last request: 0.000018 seconds.
  path: Packages/com.unity.textmeshpro/Editor Resources/Gizmos/TMP - Dropdown Icon.psd
  artifactKey: Guid(a7ec9e7ad8b847b7ae4510af83c5d868) Importer(815301076,1909f56bfc062723c751e8b465ee728b)
Start importing Packages/com.unity.textmeshpro/Editor Resources/Gizmos/TMP - Dropdown Icon.psd using Guid(a7ec9e7ad8b847b7ae4510af83c5d868) Importer(815301076,1909f56bfc062723c751e8b465ee728b)  -> (artifact id: '2a0e3c973a0a0615a98d842b6bd65f0c') in 0.010163 seconds 
========================================================================
Received Import Request.
  Time since last request: 0.000021 seconds.
  path: Packages/com.unity.textmeshpro/Editor Resources/Gizmos/TMP - Font Asset Icon.psd
  artifactKey: Guid(ee148e281f3c41c5b4ff5f8a5afe5a6c) Importer(815301076,1909f56bfc062723c751e8b465ee728b)
Start importing Packages/com.unity.textmeshpro/Editor Resources/Gizmos/TMP - Font Asset Icon.psd using Guid(ee148e281f3c41c5b4ff5f8a5afe5a6c) Importer(815301076,1909f56bfc062723c751e8b465ee728b)  -> (artifact id: 'bcd05fa1417364cb27dc2ecd99028ad5') in 0.014685 seconds 
========================================================================
Received Import Request.
  Time since last request: 0.000013 seconds.
  path: Packages/com.unity.textmeshpro/Editor Resources/Gizmos/TMP - Text Component Icon.psd
  artifactKey: Guid(2fd6421f253b4ef1a19526541f9ffc0c) Importer(815301076,1909f56bfc062723c751e8b465ee728b)
Start importing Packages/com.unity.textmeshpro/Editor Resources/Gizmos/TMP - Text Component Icon.psd using Guid(2fd6421f253b4ef1a19526541f9ffc0c) Importer(815301076,1909f56bfc062723c751e8b465ee728b)  -> (artifact id: '7488e40b01bf50723aa5fb210ff302a0') in 0.009284 seconds 
========================================================================
Received Import Request.
  Time since last request: 0.000018 seconds.
  path: Packages/com.unity.timeline/Editor/StyleSheets/Images/Icons/TrackCurvesButtonEnabled@2x.png
  artifactKey: Guid(9e541b6dcfb77d34481f69b3d62d0343) Importer(815301076,1909f56bfc062723c751e8b465ee728b)
Start importing Packages/com.unity.timeline/Editor/StyleSheets/Images/Icons/TrackCurvesButtonEnabled@2x.png using Guid(9e541b6dcfb77d34481f69b3d62d0343) Importer(815301076,1909f56bfc062723c751e8b465ee728b)  -> (artifact id: '5e22302d0f60050b3cad8c58d84ffae4') in 0.014494 seconds 
========================================================================
Received Import Request.
  Time since last request: 0.000014 seconds.
  path: Packages/com.unity.timeline/Editor/StyleSheets/Images/Icons/TrackMarkerButtonEnabled@2x.png
  artifactKey: Guid(c35a22ede3f5feb488bf69587ddc36ed) Importer(815301076,1909f56bfc062723c751e8b465ee728b)
Start importing Packages/com.unity.timeline/Editor/StyleSheets/Images/Icons/TrackMarkerButtonEnabled@2x.png using Guid(c35a22ede3f5feb488bf69587ddc36ed) Importer(815301076,1909f56bfc062723c751e8b465ee728b)  -> (artifact id: '4723287861c53c0872455fa87e7653d9') in 0.011502 seconds 
========================================================================
Received Import Request.
  Time since last request: 0.000013 seconds.
  path: Packages/com.unity.timeline/Editor/StyleSheets/Images/Icons/TrackMuteButtonEnabled.png
  artifactKey: Guid(81e8b4a4bcbf7a14898e2658fd827642) Importer(815301076,1909f56bfc062723c751e8b465ee728b)
Start importing Packages/com.unity.timeline/Editor/StyleSheets/Images/Icons/TrackMuteButtonEnabled.png using Guid(81e8b4a4bcbf7a14898e2658fd827642) Importer(815301076,1909f56bfc062723c751e8b465ee728b)  -> (artifact id: '52c6e48e1758a7a9072f933caf956c11') in 0.013719 seconds 
========================================================================
Received Import Request.
  Time since last request: 0.000015 seconds.
  path: Packages/com.unity.timeline/Editor/StyleSheets/Images/Icons/TrackLockButtonEnabled@2x.png
  artifactKey: Guid(b8c531b4e51e4994a81837c4e9b0d649) Importer(815301076,1909f56bfc062723c751e8b465ee728b)
Start importing Packages/com.unity.timeline/Editor/StyleSheets/Images/Icons/TrackLockButtonEnabled@2x.png using Guid(b8c531b4e51e4994a81837c4e9b0d649) Importer(815301076,1909f56bfc062723c751e8b465ee728b)  -> (artifact id: '7d4df682f4905bf57f8451e062314c13') in 0.011255 seconds 
========================================================================
Received Import Request.
  Time since last request: 0.000020 seconds.
  path: Assets/Unity Interface/TGU Skybox Pack/Urbanlight/Urbanlight_down.png
  artifactKey: Guid(3474da24e64a1b64faa40409d922642a) Importer(815301076,1909f56bfc062723c751e8b465ee728b)
Start importing Assets/Unity Interface/TGU Skybox Pack/Urbanlight/Urbanlight_down.png using Guid(3474da24e64a1b64faa40409d922642a) Importer(815301076,1909f56bfc062723c751e8b465ee728b)  -> (artifact id: '0a9df6001a63beee16714b8ca7a18554') in 0.014402 seconds 
========================================================================
Received Import Request.
  Time since last request: 0.000014 seconds.
  path: Assets/Unity Interface/TGU Skybox Pack/Urbanlight/Urbanlight_front.png
  artifactKey: Guid(52f1c609ba1446e42b523d520cdf3f8c) Importer(815301076,1909f56bfc062723c751e8b465ee728b)
Start importing Assets/Unity Interface/TGU Skybox Pack/Urbanlight/Urbanlight_front.png using Guid(52f1c609ba1446e42b523d520cdf3f8c) Importer(815301076,1909f56bfc062723c751e8b465ee728b)  -> (artifact id: '1dffcc09f5b4d97925911587a93f0fed') in 0.014851 seconds 
========================================================================
Received Import Request.
  Time since last request: 0.000050 seconds.
  path: Packages/com.unity.timeline/Editor/StyleSheets/Images/Icons/TrackMarkerButtonEnabled.png
  artifactKey: Guid(d1eccbb425fdacc4ba53ce4223f4ea30) Importer(815301076,1909f56bfc062723c751e8b465ee728b)
Start importing Packages/com.unity.timeline/Editor/StyleSheets/Images/Icons/TrackMarkerButtonEnabled.png using Guid(d1eccbb425fdacc4ba53ce4223f4ea30) Importer(815301076,1909f56bfc062723c751e8b465ee728b)  -> (artifact id: '930eda9be368a40e1e9ac912103fd3df') in 0.012129 seconds 
========================================================================
Received Import Request.
  Time since last request: 0.000014 seconds.
  path: Packages/com.unity.timeline/Editor/StyleSheets/Images/DarkSkin/TimelinePlayRange.png
  artifactKey: Guid(43eeff8a446b32242a4fb1a5c1bd7b8e) Importer(815301076,1909f56bfc062723c751e8b465ee728b)
Start importing Packages/com.unity.timeline/Editor/StyleSheets/Images/DarkSkin/TimelinePlayRange.png using Guid(43eeff8a446b32242a4fb1a5c1bd7b8e) Importer(815301076,1909f56bfc062723c751e8b465ee728b)  -> (artifact id: '5dddd23cc57f7af9d52c2e80eb618f0a') in 0.010597 seconds 
========================================================================
Received Import Request.
  Time since last request: 0.000013 seconds.
  path: Packages/com.unity.timeline/Editor/StyleSheets/Images/LightSkin/TimelineStartPlayback.png
  artifactKey: Guid(824c4beb0ca6c934bbc7a26919302236) Importer(815301076,1909f56bfc062723c751e8b465ee728b)
Start importing Packages/com.unity.timeline/Editor/StyleSheets/Images/LightSkin/TimelineStartPlayback.png using Guid(824c4beb0ca6c934bbc7a26919302236) Importer(815301076,1909f56bfc062723c751e8b465ee728b)  -> (artifact id: '9795c274b19303eb3b397ca9434e36c6') in 0.007787 seconds 
========================================================================
Received Import Request.
  Time since last request: 0.000014 seconds.
  path: Assets/Unity Interface/TGU Skybox Pack/Nostalgia/Nostalgia1_left.png
  artifactKey: Guid(778340435525057468f2ee2837d3ad53) Importer(815301076,1909f56bfc062723c751e8b465ee728b)
Start importing Assets/Unity Interface/TGU Skybox Pack/Nostalgia/Nostalgia1_left.png using Guid(778340435525057468f2ee2837d3ad53) Importer(815301076,1909f56bfc062723c751e8b465ee728b)  -> (artifact id: 'ac4d533eba6b89e565542c1e86514a52') in 0.014588 seconds 
========================================================================
Received Import Request.
  Time since last request: 0.000016 seconds.
  path: Packages/com.unity.timeline/Editor/StyleSheets/Images/DarkSkin/TimelineAutokey@2x.png
  artifactKey: Guid(af24c542434a025448222d576f61a956) Importer(815301076,1909f56bfc062723c751e8b465ee728b)
Start importing Packages/com.unity.timeline/Editor/StyleSheets/Images/DarkSkin/TimelineAutokey@2x.png using Guid(af24c542434a025448222d576f61a956) Importer(815301076,1909f56bfc062723c751e8b465ee728b)  -> (artifact id: '15a813cc21106f82a016ffb225dba4ef') in 0.011474 seconds 
========================================================================
Received Import Request.
  Time since last request: 11.567801 seconds.
  path: Assets/Unity NavMesh Obstcle/Cursors/Cursors 64/Cursor_Basic2.png
  artifactKey: Guid(51cb6ee928f89b64691ef4dfd57c03e9) Importer(815301076,1909f56bfc062723c751e8b465ee728b)
Start importing Assets/Unity NavMesh Obstcle/Cursors/Cursors 64/Cursor_Basic2.png using Guid(51cb6ee928f89b64691ef4dfd57c03e9) Importer(815301076,1909f56bfc062723c751e8b465ee728b)  -> (artifact id: '5a2db2282a72f3fe2744b5e10adeb6d5') in 0.019770 seconds 
========================================================================
Received Import Request.
  Time since last request: 2.333983 seconds.
  path: Assets/Unity NavMesh Obstcle/Cursors/Cursors 256/Cursor_Basic2.png
  artifactKey: Guid(a5f9cc9a5efbe894eb85de4851711ba8) Importer(815301076,1909f56bfc062723c751e8b465ee728b)
Start importing Assets/Unity NavMesh Obstcle/Cursors/Cursors 256/Cursor_Basic2.png using Guid(a5f9cc9a5efbe894eb85de4851711ba8) Importer(815301076,1909f56bfc062723c751e8b465ee728b)  -> (artifact id: '0c53513ed7b9dbc6634804f76e67b7fe') in 0.022544 seconds 
========================================================================
Received Import Request.
  Time since last request: 38.015082 seconds.
  path: Assets/Unity NavMesh Obstcle/Cursors/Cursors 64
  artifactKey: Guid(78af82a4a92a91b4ab6ca0f0ba07966b) Importer(815301076,1909f56bfc062723c751e8b465ee728b)
Start importing Assets/Unity NavMesh Obstcle/Cursors/Cursors 64 using Guid(78af82a4a92a91b4ab6ca0f0ba07966b) Importer(815301076,1909f56bfc062723c751e8b465ee728b)  -> (artifact id: 'db323e058d542bd2e7d9b92706e83ad2') in 0.008218 seconds 
========================================================================
Received Import Request.
  Time since last request: 46.339905 seconds.
  path: Assets/Unity NavMesh Obstcle/Cursors/Cursors 64/Arrow_R.png
  artifactKey: Guid(116f8e92c4d794a498333f8f87d172bd) Importer(815301076,1909f56bfc062723c751e8b465ee728b)
Start importing Assets/Unity NavMesh Obstcle/Cursors/Cursors 64/Arrow_R.png using Guid(116f8e92c4d794a498333f8f87d172bd) Importer(815301076,1909f56bfc062723c751e8b465ee728b)  -> (artifact id: 'e7e3c693ecea5d8bb92da39e85dae9fb') in 0.011815 seconds 
========================================================================
Received Import Request.
  Time since last request: 0.009060 seconds.
  path: Assets/Unity NavMesh Obstcle/Cursors/Cursors 64/Arrow.png
  artifactKey: Guid(f0556ff233d03be4ea69793a01440b16) Importer(815301076,1909f56bfc062723c751e8b465ee728b)
Start importing Assets/Unity NavMesh Obstcle/Cursors/Cursors 64/Arrow.png using Guid(f0556ff233d03be4ea69793a01440b16) Importer(815301076,1909f56bfc062723c751e8b465ee728b)  -> (artifact id: 'db6a7e8a45f4197b23e32a864a0a38b3') in 0.009234 seconds 
========================================================================
Received Import Request.
  Time since last request: 0.039758 seconds.
  path: Assets/Unity NavMesh Obstcle/Cursors/Cursors 64/Cursor_Attack_R.png
  artifactKey: Guid(0561d5958b7b1b14fb067879aaa7b5f3) Importer(815301076,1909f56bfc062723c751e8b465ee728b)
Start importing Assets/Unity NavMesh Obstcle/Cursors/Cursors 64/Cursor_Attack_R.png using Guid(0561d5958b7b1b14fb067879aaa7b5f3) Importer(815301076,1909f56bfc062723c751e8b465ee728b)  -> (artifact id: 'b3eb0b7c72b136f7e87052ddd720104c') in 0.011205 seconds 
========================================================================
Received Import Request.
  Time since last request: 0.000018 seconds.
  path: Assets/Unity NavMesh Obstcle/Cursors/Cursors 64/G_Cursor_Deff.png
  artifactKey: Guid(aecb2ca547319c841a0334e1d2bd558f) Importer(815301076,1909f56bfc062723c751e8b465ee728b)
Start importing Assets/Unity NavMesh Obstcle/Cursors/Cursors 64/G_Cursor_Deff.png using Guid(aecb2ca547319c841a0334e1d2bd558f) Importer(815301076,1909f56bfc062723c751e8b465ee728b)  -> (artifact id: '0caa8584e7960be1c44894e96be6e8c0') in 0.009763 seconds 
========================================================================
Received Import Request.
  Time since last request: 0.000024 seconds.
  path: Assets/Unity NavMesh Obstcle/Cursors/Cursors 64/G_Cursor_Basic.png
  artifactKey: Guid(bb57a4c5a1ec38a41949d0975ede9ac1) Importer(815301076,1909f56bfc062723c751e8b465ee728b)
Start importing Assets/Unity NavMesh Obstcle/Cursors/Cursors 64/G_Cursor_Basic.png using Guid(bb57a4c5a1ec38a41949d0975ede9ac1) Importer(815301076,1909f56bfc062723c751e8b465ee728b)  -> (artifact id: '0c00f8ef46f0a42b93d774c2fe4d267b') in 0.009713 seconds 
========================================================================
Received Import Request.
  Time since last request: 0.000015 seconds.
  path: Assets/Unity NavMesh Obstcle/Cursors/Cursors 64/Cursor_Hand2.png
  artifactKey: Guid(d0bd63dc4e8d4a845a0f198c39644e18) Importer(815301076,1909f56bfc062723c751e8b465ee728b)
Start importing Assets/Unity NavMesh Obstcle/Cursors/Cursors 64/Cursor_Hand2.png using Guid(d0bd63dc4e8d4a845a0f198c39644e18) Importer(815301076,1909f56bfc062723c751e8b465ee728b)  -> (artifact id: '136540003abeee161a2cf6c61cbe978d') in 0.008580 seconds 
========================================================================
Received Import Request.
  Time since last request: 0.000015 seconds.
  path: Assets/Unity NavMesh Obstcle/Cursors/Cursors 64/G_Cursor_Flask.png
  artifactKey: Guid(4545706b59b364441bbdde8408c6ad99) Importer(815301076,1909f56bfc062723c751e8b465ee728b)
Start importing Assets/Unity NavMesh Obstcle/Cursors/Cursors 64/G_Cursor_Flask.png using Guid(4545706b59b364441bbdde8408c6ad99) Importer(815301076,1909f56bfc062723c751e8b465ee728b)  -> (artifact id: '5ee3fb034ec79d7773cfeb7631812d07') in 0.007707 seconds 
========================================================================
Received Import Request.
  Time since last request: 0.000015 seconds.
  path: Assets/Unity NavMesh Obstcle/Cursors/Cursors 64/G_Cursor_Hand2.png
  artifactKey: Guid(daf580b39fe978f4f93d2871853610b2) Importer(815301076,1909f56bfc062723c751e8b465ee728b)
Start importing Assets/Unity NavMesh Obstcle/Cursors/Cursors 64/G_Cursor_Hand2.png using Guid(daf580b39fe978f4f93d2871853610b2) Importer(815301076,1909f56bfc062723c751e8b465ee728b)  -> (artifact id: 'd357edbb466caee0a444d45da114e63c') in 0.009834 seconds 
========================================================================
Received Import Request.
  Time since last request: 0.000015 seconds.
  path: Assets/Unity NavMesh Obstcle/Cursors/Cursors 64/Cursor_Move2.png
  artifactKey: Guid(1b362737dfa014a40a71ecaffce5e053) Importer(815301076,1909f56bfc062723c751e8b465ee728b)
Start importing Assets/Unity NavMesh Obstcle/Cursors/Cursors 64/Cursor_Move2.png using Guid(1b362737dfa014a40a71ecaffce5e053) Importer(815301076,1909f56bfc062723c751e8b465ee728b)  -> (artifact id: '51c876e02446fe1de762494bd25d800f') in 0.010557 seconds 
========================================================================
Received Import Request.
  Time since last request: 0.000014 seconds.
  path: Assets/Unity NavMesh Obstcle/Cursors/Cursors 64/G_Arrow.png
  artifactKey: Guid(6d3fc80206b127d469d54dc4512be56c) Importer(815301076,1909f56bfc062723c751e8b465ee728b)
Start importing Assets/Unity NavMesh Obstcle/Cursors/Cursors 64/G_Arrow.png using Guid(6d3fc80206b127d469d54dc4512be56c) Importer(815301076,1909f56bfc062723c751e8b465ee728b)  -> (artifact id: '19ab9c7aaa78d040df997bc171a354bd') in 0.011295 seconds 
========================================================================
Received Import Request.
  Time since last request: 0.000017 seconds.
  path: Assets/Unity NavMesh Obstcle/Cursors/Cursors 64/G_Cursor_shoot.png
  artifactKey: Guid(867f8a289a5fcd547a64768b400584ea) Importer(815301076,1909f56bfc062723c751e8b465ee728b)
Start importing Assets/Unity NavMesh Obstcle/Cursors/Cursors 64/G_Cursor_shoot.png using Guid(867f8a289a5fcd547a64768b400584ea) Importer(815301076,1909f56bfc062723c751e8b465ee728b)  -> (artifact id: '6bd1243a3649611700045e88f87c95ed') in 0.009917 seconds 
========================================================================
Received Import Request.
  Time since last request: 0.000019 seconds.
  path: Assets/Unity NavMesh Obstcle/Cursors/Cursors 64/G_Cursor_Hand.png
  artifactKey: Guid(e43eb6dc9e9ce1f47bac91c53a5246fc) Importer(815301076,1909f56bfc062723c751e8b465ee728b)
Start importing Assets/Unity NavMesh Obstcle/Cursors/Cursors 64/G_Cursor_Hand.png using Guid(e43eb6dc9e9ce1f47bac91c53a5246fc) Importer(815301076,1909f56bfc062723c751e8b465ee728b)  -> (artifact id: '8da44524ac8e74fb6c163635ff88e13a') in 0.011361 seconds 
========================================================================
Received Import Request.
  Time since last request: 0.000023 seconds.
  path: Assets/Unity NavMesh Obstcle/Cursors/Cursors 64/Cursor_shoot.png
  artifactKey: Guid(cf2530d88842998479571ba2e3a43c9d) Importer(815301076,1909f56bfc062723c751e8b465ee728b)
Start importing Assets/Unity NavMesh Obstcle/Cursors/Cursors 64/Cursor_shoot.png using Guid(cf2530d88842998479571ba2e3a43c9d) Importer(815301076,1909f56bfc062723c751e8b465ee728b)  -> (artifact id: 'e94432b34aceb31044c1fc9926046ea0') in 0.010910 seconds 
========================================================================
Received Import Request.
  Time since last request: 0.000027 seconds.
  path: Assets/Unity NavMesh Obstcle/Cursors/Cursors 64/Cursor_Basic.png
  artifactKey: Guid(f8d327f88e3408f42b3dc6850224b676) Importer(815301076,1909f56bfc062723c751e8b465ee728b)
Start importing Assets/Unity NavMesh Obstcle/Cursors/Cursors 64/Cursor_Basic.png using Guid(f8d327f88e3408f42b3dc6850224b676) Importer(815301076,1909f56bfc062723c751e8b465ee728b)  -> (artifact id: '01869307285174307eb0a44378d3c047') in 0.009345 seconds 
========================================================================
Received Import Request.
  Time since last request: 0.000022 seconds.
  path: Assets/Unity NavMesh Obstcle/Cursors/Cursors 64/Cursor_book.png
  artifactKey: Guid(442311c923fee7a4c97faa6fdeb43d7d) Importer(815301076,1909f56bfc062723c751e8b465ee728b)
Start importing Assets/Unity NavMesh Obstcle/Cursors/Cursors 64/Cursor_book.png using Guid(442311c923fee7a4c97faa6fdeb43d7d) Importer(815301076,1909f56bfc062723c751e8b465ee728b)  -> (artifact id: '8ac17e63a9a5a2916c8d80dfdc901883') in 0.009215 seconds 
========================================================================
Received Import Request.
  Time since last request: 0.000016 seconds.
  path: Assets/Unity NavMesh Obstcle/Cursors/Cursors 64/G_Cursor_Production.png
  artifactKey: Guid(fecb9a641cb3b244da7e3cf13d0df392) Importer(815301076,1909f56bfc062723c751e8b465ee728b)
Start importing Assets/Unity NavMesh Obstcle/Cursors/Cursors 64/G_Cursor_Production.png using Guid(fecb9a641cb3b244da7e3cf13d0df392) Importer(815301076,1909f56bfc062723c751e8b465ee728b)  -> (artifact id: '9b2258d291ac6a2a8e0b6bf95f6581f6') in 0.008692 seconds 
========================================================================
Received Import Request.
  Time since last request: 0.000016 seconds.
  path: Assets/Unity NavMesh Obstcle/Cursors/Cursors 64/G_Cursor_Attack_G.png
  artifactKey: Guid(eb5cd85ef1c59a54f986b7a8d3edbc90) Importer(815301076,1909f56bfc062723c751e8b465ee728b)
Start importing Assets/Unity NavMesh Obstcle/Cursors/Cursors 64/G_Cursor_Attack_G.png using Guid(eb5cd85ef1c59a54f986b7a8d3edbc90) Importer(815301076,1909f56bfc062723c751e8b465ee728b)  -> (artifact id: '511f67fe82553264b456014450ad4bf7') in 0.009810 seconds 
========================================================================
Received Import Request.
  Time since last request: 0.000015 seconds.
  path: Assets/Unity NavMesh Obstcle/Cursors/Cursors 64/G_Cursor_Settings.png
  artifactKey: Guid(7ec1dbfa4ac227442ae8e6e238233e41) Importer(815301076,1909f56bfc062723c751e8b465ee728b)
Start importing Assets/Unity NavMesh Obstcle/Cursors/Cursors 64/G_Cursor_Settings.png using Guid(7ec1dbfa4ac227442ae8e6e238233e41) Importer(815301076,1909f56bfc062723c751e8b465ee728b)  -> (artifact id: '88b9fca6e1184a71a11107bca7b07ce9') in 0.009822 seconds 
========================================================================
Received Import Request.
  Time since last request: 0.000016 seconds.
  path: Assets/Unity NavMesh Obstcle/Cursors/Cursors 64/Cursor_Move1.png
  artifactKey: Guid(583ebe40474f892468eb72f2bb7ea4a8) Importer(815301076,1909f56bfc062723c751e8b465ee728b)
Start importing Assets/Unity NavMesh Obstcle/Cursors/Cursors 64/Cursor_Move1.png using Guid(583ebe40474f892468eb72f2bb7ea4a8) Importer(815301076,1909f56bfc062723c751e8b465ee728b)  -> (artifact id: '8ae0a364e49521cf8b9b1d5b72b7e079') in 0.008132 seconds 
========================================================================
Received Import Request.
  Time since last request: 0.000021 seconds.
  path: Assets/Unity NavMesh Obstcle/Cursors/Cursors 64/G_Cursor_Attack_R.png
  artifactKey: Guid(5353bc4307828c443987c3c067bdfd56) Importer(815301076,1909f56bfc062723c751e8b465ee728b)
Start importing Assets/Unity NavMesh Obstcle/Cursors/Cursors 64/G_Cursor_Attack_R.png using Guid(5353bc4307828c443987c3c067bdfd56) Importer(815301076,1909f56bfc062723c751e8b465ee728b)  -> (artifact id: 'a23b8eb68bae855f96a0ed8cb993f403') in 0.008991 seconds 
========================================================================
Received Import Request.
  Time since last request: 0.000016 seconds.
  path: Assets/Unity NavMesh Obstcle/Cursors/Cursors 64/Cursor_Basic2_G.png
  artifactKey: Guid(e8da6823dea48c6459c77a4ababb83a5) Importer(815301076,1909f56bfc062723c751e8b465ee728b)
Start importing Assets/Unity NavMesh Obstcle/Cursors/Cursors 64/Cursor_Basic2_G.png using Guid(e8da6823dea48c6459c77a4ababb83a5) Importer(815301076,1909f56bfc062723c751e8b465ee728b)  -> (artifact id: '9b4fb5eec3d0f2b6a48e42aec2d7d761') in 0.009155 seconds 
========================================================================
Received Import Request.
  Time since last request: 0.000017 seconds.
  path: Assets/Unity NavMesh Obstcle/Cursors/Cursors 64/Cursor_ship.png
  artifactKey: Guid(26fe7a7e23b11654d85d6e0ad8916982) Importer(815301076,1909f56bfc062723c751e8b465ee728b)
Start importing Assets/Unity NavMesh Obstcle/Cursors/Cursors 64/Cursor_ship.png using Guid(26fe7a7e23b11654d85d6e0ad8916982) Importer(815301076,1909f56bfc062723c751e8b465ee728b)  -> (artifact id: 'cf5d8cbaedb2ae81ca351b159ee21954') in 0.007755 seconds 
========================================================================
Received Prepare
Registering precompiled user dll's ...
Registered in 0.003819 seconds.
Begin MonoManager ReloadAssembly
Symbol file LoadedFromMemory doesn't match image C:\Users\USER\Desktop\GitHub DeskTop\UnityProJect\UnityTutorial\Library\PackageCache\com.unity.visualscripting@1.8.0\Editor\VisualScripting.Core\Dependencies\YamlDotNet\Unity.VisualScripting.YamlDotNet.dll
Symbol file LoadedFromMemory doesn't match image C:\Users\USER\Desktop\GitHub DeskTop\UnityProJect\UnityTutorial\Library\PackageCache\com.unity.visualscripting@1.8.0\Editor\VisualScripting.Core\Dependencies\DotNetZip\Unity.VisualScripting.IonicZip.dll
Native extension for UWP target not found
Native extension for WindowsStandalone target not found
Native extension for iOS target not found
Native extension for Android target not found
Native extension for WebGL target not found
Refreshing native plugins compatible for Editor in 0.42 ms, found 3 plugins.
Preloading 0 native plugins for Editor in 0.00 ms.
Mono: successfully reloaded assembly
- Completed reload, in  0.710 seconds
Domain Reload Profiling:
	ReloadAssembly (710ms)
		BeginReloadAssembly (108ms)
			ExecutionOrderSort (0ms)
			DisableScriptedObjects (3ms)
			BackupInstance (0ms)
			ReleaseScriptingObjects (0ms)
			CreateAndSetChildDomain (27ms)
		EndReloadAssembly (532ms)
			LoadAssemblies (68ms)
			RebuildTransferFunctionScriptingTraits (0ms)
			SetupTypeCache (195ms)
			ReleaseScriptCaches (1ms)
			RebuildScriptCaches (26ms)
			SetupLoadedEditorAssemblies (219ms)
				LogAssemblyErrors (0ms)
				InitializePlatformSupportModulesInManaged (20ms)
				SetLoadedEditorAssemblies (0ms)
				RefreshPlugins (0ms)
				BeforeProcessingInitializeOnLoad (44ms)
				ProcessInitializeOnLoadAttributes (136ms)
				ProcessInitializeOnLoadMethodAttributes (17ms)
				AfterProcessingInitializeOnLoad (2ms)
				EditorAssembliesLoaded (0ms)
			ExecutionOrderSort2 (0ms)
			AwakeInstancesAfterBackupRestoration (5ms)
Platform modules already initialized, skipping
Refreshing native plugins compatible for Editor in 1.31 ms, found 3 plugins.
Preloading 0 native plugins for Editor in 0.00 ms.
Unloading 3053 Unused Serialized files (Serialized files now loaded: 0)
Unloading 17 unused Assets / (79.7 KB). Loaded Objects now: 3602.
Memory consumption went from 117.7 MB to 117.6 MB.
Total: 2.095400 ms (FindLiveObjects: 0.162800 ms CreateObjectMapping: 0.096700 ms MarkObjects: 1.779200 ms  DeleteObjects: 0.056200 ms)

AssetImportParameters requested are different than current active one (requested -> active):
  custom:video-decoder-ogg-theora: a1e56fd34408186e4bbccfd4996cb3dc -> 
  custom:container-muxer-webm: aa71ff27fc2769a1b78a27578f13a17b -> 
  custom:container-demuxer-webm: 4f35f7cbe854078d1ac9338744f61a02 -> 
  custom:video-encoder-webm-vp8: eb34c28f22e8b96e1ab97ce403110664 -> 
  custom:audio-encoder-webm-vorbis: bf7c407c2cedff20999df2af8eb42d56 -> 
  custom:framework-win-MediaFoundation: 216162199b28c13a410421893ffa2e32 -> 
  custom:container-demuxer-ogg: 62fdf1f143b41e24485cea50d1cbac27 -> 
  custom:video-decoder-webm-vp8: 9c59270c3fd7afecdb556c50c9e8de78 -> 
  custom:audio-decoder-ogg-vorbis: bf7c407c2cedff20999df2af8eb42d56 -> 
